2022-08-13 00:03:06.704 [HikariPool-1 housekeeper] WARN  com.zaxxer.hikari.pool.HikariPool - HikariPool-1 - Thread starvation or clock leap detected (housekeeper delta=35m30s11ms).
2022-08-13 00:23:20.520 [HikariPool-1 housekeeper] WARN  com.zaxxer.hikari.pool.HikariPool - HikariPool-1 - Thread starvation or clock leap detected (housekeeper delta=20m13s816ms).
2022-08-13 01:58:03.476 [HikariPool-1 housekeeper] WARN  com.zaxxer.hikari.pool.HikariPool - HikariPool-1 - Thread starvation or clock leap detected (housekeeper delta=1h34m42s957ms).
2022-08-13 03:40:42.608 [HikariPool-1 housekeeper] WARN  com.zaxxer.hikari.pool.HikariPool - HikariPool-1 - Thread starvation or clock leap detected (housekeeper delta=1h42m39s132ms).
2022-08-13 03:45:55.546 [HikariPool-1 housekeeper] WARN  com.zaxxer.hikari.pool.HikariPool - HikariPool-1 - Thread starvation or clock leap detected (housekeeper delta=5m12s937ms).
2022-08-13 04:38:00.474 [HikariPool-1 housekeeper] WARN  com.zaxxer.hikari.pool.HikariPool - HikariPool-1 - Thread starvation or clock leap detected (housekeeper delta=52m4s928ms).
2022-08-13 04:43:13.665 [HikariPool-1 housekeeper] WARN  com.zaxxer.hikari.pool.HikariPool - HikariPool-1 - Thread starvation or clock leap detected (housekeeper delta=5m13s191ms).
2022-08-13 05:34:01.749 [HikariPool-1 housekeeper] WARN  com.zaxxer.hikari.pool.HikariPool - HikariPool-1 - Thread starvation or clock leap detected (housekeeper delta=50m48s85ms).
2022-08-13 05:39:14.760 [HikariPool-1 housekeeper] WARN  com.zaxxer.hikari.pool.HikariPool - HikariPool-1 - Thread starvation or clock leap detected (housekeeper delta=5m13s10ms).
2022-08-13 06:57:54.692 [HikariPool-1 housekeeper] WARN  com.zaxxer.hikari.pool.HikariPool - HikariPool-1 - Thread starvation or clock leap detected (housekeeper delta=1h18m39s933ms).
2022-08-13 08:19:44.790 [HikariPool-1 housekeeper] WARN  com.zaxxer.hikari.pool.HikariPool - HikariPool-1 - Thread starvation or clock leap detected (housekeeper delta=1h21m50s97ms).
2022-08-13 10:03:22.740 [HikariPool-1 housekeeper] WARN  com.zaxxer.hikari.pool.HikariPool - HikariPool-1 - Thread starvation or clock leap detected (housekeeper delta=1h43m37s951ms).
2022-08-13 10:53:01.908 [HikariPool-1 housekeeper] WARN  com.zaxxer.hikari.pool.HikariPool - HikariPool-1 - Thread starvation or clock leap detected (housekeeper delta=49m39s167ms).
2022-08-13 11:10:17.985 [HikariPool-1 housekeeper] WARN  com.zaxxer.hikari.pool.HikariPool - HikariPool-1 - Thread starvation or clock leap detected (housekeeper delta=2m15s984ms).
2022-08-13 11:12:26.417 [HikariPool-1 housekeeper] WARN  com.zaxxer.hikari.pool.HikariPool - HikariPool-1 - Thread starvation or clock leap detected (housekeeper delta=2m8s434ms).
2022-08-13 12:05:57.404 [HikariPool-1 housekeeper] WARN  com.zaxxer.hikari.pool.HikariPool - HikariPool-1 - Thread starvation or clock leap detected (housekeeper delta=2m721ms).
2022-08-13 12:09:04.946 [HikariPool-1 housekeeper] WARN  com.zaxxer.hikari.pool.HikariPool - HikariPool-1 - Thread starvation or clock leap detected (housekeeper delta=1m37s507ms).
2022-08-13 12:32:18.084 [HikariPool-1 housekeeper] WARN  com.zaxxer.hikari.pool.HikariPool - HikariPool-1 - Thread starvation or clock leap detected (housekeeper delta=5m13s2ms).
2022-08-13 13:39:44.756 [HikariPool-1 housekeeper] WARN  com.zaxxer.hikari.pool.HikariPool - HikariPool-1 - Thread starvation or clock leap detected (housekeeper delta=1h7m26s674ms).
2022-08-13 14:00:34.749 [HikariPool-1 housekeeper] WARN  com.zaxxer.hikari.pool.HikariPool - HikariPool-1 - Thread starvation or clock leap detected (housekeeper delta=20m20s42ms).
2022-08-13 15:16:13.780 [HikariPool-1 housekeeper] WARN  com.zaxxer.hikari.pool.HikariPool - HikariPool-1 - Thread starvation or clock leap detected (housekeeper delta=1h15m39s31ms).
2022-08-13 15:21:40.465 [http-nio-8001-exec-8] WARN  com.zaxxer.hikari.pool.PoolBase - HikariPool-1 - Failed to validate connection com.mysql.cj.jdbc.ConnectionImpl@18615491 (No operations allowed after connection closed.). Possibly consider using a shorter maxLifetime value.
2022-08-13 15:21:45.487 [http-nio-8001-exec-8] WARN  com.zaxxer.hikari.pool.PoolBase - HikariPool-1 - Failed to validate connection com.mysql.cj.jdbc.ConnectionImpl@1a85f37c (No operations allowed after connection closed.). Possibly consider using a shorter maxLifetime value.
2022-08-13 15:21:47.129 [http-nio-8001-exec-9] WARN  com.zaxxer.hikari.pool.PoolBase - HikariPool-1 - Failed to validate connection com.mysql.cj.jdbc.ConnectionImpl@271f0b58 (No operations allowed after connection closed.). Possibly consider using a shorter maxLifetime value.
2022-08-13 15:21:50.512 [http-nio-8001-exec-8] WARN  com.zaxxer.hikari.pool.PoolBase - HikariPool-1 - Failed to validate connection com.mysql.cj.jdbc.ConnectionImpl@1094c7b5 (No operations allowed after connection closed.). Possibly consider using a shorter maxLifetime value.
2022-08-13 15:21:52.151 [http-nio-8001-exec-9] WARN  com.zaxxer.hikari.pool.PoolBase - HikariPool-1 - Failed to validate connection com.mysql.cj.jdbc.ConnectionImpl@b7c0f72 (No operations allowed after connection closed.). Possibly consider using a shorter maxLifetime value.
2022-08-13 15:21:55.547 [http-nio-8001-exec-8] WARN  com.zaxxer.hikari.pool.PoolBase - HikariPool-1 - Failed to validate connection com.mysql.cj.jdbc.ConnectionImpl@709c8239 (No operations allowed after connection closed.). Possibly consider using a shorter maxLifetime value.
2022-08-13 15:21:57.169 [http-nio-8001-exec-9] WARN  com.zaxxer.hikari.pool.PoolBase - HikariPool-1 - Failed to validate connection com.mysql.cj.jdbc.ConnectionImpl@726a964b (No operations allowed after connection closed.). Possibly consider using a shorter maxLifetime value.
2022-08-13 15:22:00.573 [http-nio-8001-exec-8] WARN  com.zaxxer.hikari.pool.PoolBase - HikariPool-1 - Failed to validate connection com.mysql.cj.jdbc.ConnectionImpl@45378145 (No operations allowed after connection closed.). Possibly consider using a shorter maxLifetime value.
2022-08-13 15:22:02.182 [http-nio-8001-exec-9] WARN  com.zaxxer.hikari.pool.PoolBase - HikariPool-1 - Failed to validate connection com.mysql.cj.jdbc.ConnectionImpl@52a15f91 (No operations allowed after connection closed.). Possibly consider using a shorter maxLifetime value.
2022-08-13 15:22:05.595 [http-nio-8001-exec-8] WARN  com.zaxxer.hikari.pool.PoolBase - HikariPool-1 - Failed to validate connection com.mysql.cj.jdbc.ConnectionImpl@591de18d (No operations allowed after connection closed.). Possibly consider using a shorter maxLifetime value.
2022-08-13 15:39:39.787 [HikariPool-1 housekeeper] WARN  com.zaxxer.hikari.pool.HikariPool - HikariPool-1 - Thread starvation or clock leap detected (housekeeper delta=2m46s539ms).
2022-08-13 15:46:27.085 [HikariPool-1 housekeeper] WARN  com.zaxxer.hikari.pool.HikariPool - HikariPool-1 - Thread starvation or clock leap detected (housekeeper delta=3m47s251ms).
2022-08-13 15:51:40.136 [HikariPool-1 housekeeper] WARN  com.zaxxer.hikari.pool.HikariPool - HikariPool-1 - Thread starvation or clock leap detected (housekeeper delta=5m13s52ms).
2022-08-13 16:21:53.347 [HikariPool-1 housekeeper] WARN  com.zaxxer.hikari.pool.HikariPool - HikariPool-1 - Thread starvation or clock leap detected (housekeeper delta=5m13s).
2022-08-13 16:31:53.967 [HikariPool-1 housekeeper] WARN  com.zaxxer.hikari.pool.HikariPool - HikariPool-1 - Thread starvation or clock leap detected (housekeeper delta=10m621ms).
2022-08-13 16:32:24.691 [http-nio-8001-exec-10] WARN  com.zaxxer.hikari.pool.PoolBase - HikariPool-1 - Failed to validate connection com.mysql.cj.jdbc.ConnectionImpl@10386ed6 (No operations allowed after connection closed.). Possibly consider using a shorter maxLifetime value.
2022-08-13 16:32:28.470 [http-nio-8001-exec-2] WARN  com.zaxxer.hikari.pool.PoolBase - HikariPool-1 - Failed to validate connection com.mysql.cj.jdbc.ConnectionImpl@f7db3da (No operations allowed after connection closed.). Possibly consider using a shorter maxLifetime value.
2022-08-13 16:32:29.706 [http-nio-8001-exec-10] WARN  com.zaxxer.hikari.pool.PoolBase - HikariPool-1 - Failed to validate connection com.mysql.cj.jdbc.ConnectionImpl@678a5d39 (No operations allowed after connection closed.). Possibly consider using a shorter maxLifetime value.
2022-08-13 16:32:33.496 [http-nio-8001-exec-2] WARN  com.zaxxer.hikari.pool.PoolBase - HikariPool-1 - Failed to validate connection com.mysql.cj.jdbc.ConnectionImpl@594b30dd (No operations allowed after connection closed.). Possibly consider using a shorter maxLifetime value.
2022-08-13 16:32:34.724 [http-nio-8001-exec-10] WARN  com.zaxxer.hikari.pool.PoolBase - HikariPool-1 - Failed to validate connection com.mysql.cj.jdbc.ConnectionImpl@4bcfcfc2 (No operations allowed after connection closed.). Possibly consider using a shorter maxLifetime value.
2022-08-13 16:32:38.539 [http-nio-8001-exec-2] WARN  com.zaxxer.hikari.pool.PoolBase - HikariPool-1 - Failed to validate connection com.mysql.cj.jdbc.ConnectionImpl@3f7e0e94 (No operations allowed after connection closed.). Possibly consider using a shorter maxLifetime value.
2022-08-13 16:32:39.739 [http-nio-8001-exec-10] WARN  com.zaxxer.hikari.pool.PoolBase - HikariPool-1 - Failed to validate connection com.mysql.cj.jdbc.ConnectionImpl@42e23eff (No operations allowed after connection closed.). Possibly consider using a shorter maxLifetime value.
2022-08-13 16:32:43.556 [http-nio-8001-exec-2] WARN  com.zaxxer.hikari.pool.PoolBase - HikariPool-1 - Failed to validate connection com.mysql.cj.jdbc.ConnectionImpl@70597331 (No operations allowed after connection closed.). Possibly consider using a shorter maxLifetime value.
2022-08-13 16:32:44.758 [http-nio-8001-exec-10] WARN  com.zaxxer.hikari.pool.PoolBase - HikariPool-1 - Failed to validate connection com.mysql.cj.jdbc.ConnectionImpl@3fb1984e (No operations allowed after connection closed.). Possibly consider using a shorter maxLifetime value.
2022-08-13 16:32:48.570 [http-nio-8001-exec-2] WARN  com.zaxxer.hikari.pool.PoolBase - HikariPool-1 - Failed to validate connection com.mysql.cj.jdbc.ConnectionImpl@1258ed83 (No operations allowed after connection closed.). Possibly consider using a shorter maxLifetime value.
2022-08-13 17:07:26.357 [HikariPool-1 housekeeper] WARN  com.zaxxer.hikari.pool.HikariPool - HikariPool-1 - Thread starvation or clock leap detected (housekeeper delta=5m27s97ms).
2022-08-13 17:08:41.208 [http-nio-8001-exec-4] WARN  com.zaxxer.hikari.pool.PoolBase - HikariPool-1 - Failed to validate connection com.mysql.cj.jdbc.ConnectionImpl@3c7686d1 (No operations allowed after connection closed.). Possibly consider using a shorter maxLifetime value.
2022-08-13 17:08:44.817 [http-nio-8001-exec-5] WARN  com.zaxxer.hikari.pool.PoolBase - HikariPool-1 - Failed to validate connection com.mysql.cj.jdbc.ConnectionImpl@37b87ef2 (No operations allowed after connection closed.). Possibly consider using a shorter maxLifetime value.
2022-08-13 17:08:46.021 [http-nio-8001-exec-6] WARN  com.zaxxer.hikari.pool.PoolBase - HikariPool-1 - Failed to validate connection com.mysql.cj.jdbc.ConnectionImpl@3e61db97 (No operations allowed after connection closed.). Possibly consider using a shorter maxLifetime value.
2022-08-13 17:08:46.225 [http-nio-8001-exec-4] WARN  com.zaxxer.hikari.pool.PoolBase - HikariPool-1 - Failed to validate connection com.mysql.cj.jdbc.ConnectionImpl@4690b7f1 (No operations allowed after connection closed.). Possibly consider using a shorter maxLifetime value.
2022-08-13 17:08:48.533 [http-nio-8001-exec-8] WARN  com.zaxxer.hikari.pool.PoolBase - HikariPool-1 - Failed to validate connection com.mysql.cj.jdbc.ConnectionImpl@436ce858 (No operations allowed after connection closed.). Possibly consider using a shorter maxLifetime value.
2022-08-13 17:29:46.091 [HikariPool-1 housekeeper] WARN  com.zaxxer.hikari.pool.HikariPool - HikariPool-1 - Thread starvation or clock leap detected (housekeeper delta=8m19s634ms).
2022-08-13 17:38:39.235 [HikariPool-1 housekeeper] WARN  com.zaxxer.hikari.pool.HikariPool - HikariPool-1 - Thread starvation or clock leap detected (housekeeper delta=6m53s103ms).
2022-08-13 17:40:49.594 [http-nio-8001-exec-10] WARN  com.zaxxer.hikari.pool.PoolBase - HikariPool-1 - Failed to validate connection com.mysql.cj.jdbc.ConnectionImpl@137afae1 (No operations allowed after connection closed.). Possibly consider using a shorter maxLifetime value.
2022-08-13 17:40:49.605 [http-nio-8001-exec-10] WARN  com.zaxxer.hikari.pool.PoolBase - HikariPool-1 - Failed to validate connection com.mysql.cj.jdbc.ConnectionImpl@7f664516 (No operations allowed after connection closed.). Possibly consider using a shorter maxLifetime value.
2022-08-13 17:40:49.620 [http-nio-8001-exec-10] WARN  com.zaxxer.hikari.pool.PoolBase - HikariPool-1 - Failed to validate connection com.mysql.cj.jdbc.ConnectionImpl@2b540955 (No operations allowed after connection closed.). Possibly consider using a shorter maxLifetime value.
2022-08-13 17:40:49.629 [http-nio-8001-exec-10] WARN  com.zaxxer.hikari.pool.PoolBase - HikariPool-1 - Failed to validate connection com.mysql.cj.jdbc.ConnectionImpl@36eca95c (No operations allowed after connection closed.). Possibly consider using a shorter maxLifetime value.
2022-08-13 17:40:49.635 [http-nio-8001-exec-10] WARN  com.zaxxer.hikari.pool.PoolBase - HikariPool-1 - Failed to validate connection com.mysql.cj.jdbc.ConnectionImpl@5294ddca (No operations allowed after connection closed.). Possibly consider using a shorter maxLifetime value.
2022-08-13 17:40:49.639 [http-nio-8001-exec-10] WARN  com.zaxxer.hikari.pool.PoolBase - HikariPool-1 - Failed to validate connection com.mysql.cj.jdbc.ConnectionImpl@1f176c7b (No operations allowed after connection closed.). Possibly consider using a shorter maxLifetime value.
2022-08-13 17:40:49.644 [http-nio-8001-exec-10] WARN  com.zaxxer.hikari.pool.PoolBase - HikariPool-1 - Failed to validate connection com.mysql.cj.jdbc.ConnectionImpl@1482c06d (No operations allowed after connection closed.). Possibly consider using a shorter maxLifetime value.
2022-08-13 17:40:49.648 [http-nio-8001-exec-10] WARN  com.zaxxer.hikari.pool.PoolBase - HikariPool-1 - Failed to validate connection com.mysql.cj.jdbc.ConnectionImpl@47772de8 (No operations allowed after connection closed.). Possibly consider using a shorter maxLifetime value.
2022-08-13 17:40:49.654 [http-nio-8001-exec-10] WARN  com.zaxxer.hikari.pool.PoolBase - HikariPool-1 - Failed to validate connection com.mysql.cj.jdbc.ConnectionImpl@33f9d241 (No operations allowed after connection closed.). Possibly consider using a shorter maxLifetime value.
2022-08-13 17:40:49.658 [http-nio-8001-exec-10] WARN  com.zaxxer.hikari.pool.PoolBase - HikariPool-1 - Failed to validate connection com.mysql.cj.jdbc.ConnectionImpl@17a904f1 (No operations allowed after connection closed.). Possibly consider using a shorter maxLifetime value.
2022-08-13 18:36:40.482 [HikariPool-1 housekeeper] WARN  com.zaxxer.hikari.pool.HikariPool - HikariPool-1 - Thread starvation or clock leap detected (housekeeper delta=1m33s70ms).
2022-08-13 19:08:53.669 [HikariPool-1 housekeeper] WARN  com.zaxxer.hikari.pool.HikariPool - HikariPool-1 - Thread starvation or clock leap detected (housekeeper delta=5m13s15ms).
2022-08-13 19:41:32.068 [HikariPool-1 housekeeper] WARN  com.zaxxer.hikari.pool.HikariPool - HikariPool-1 - Thread starvation or clock leap detected (housekeeper delta=32m38s400ms).
2022-08-13 19:42:17.326 [HikariPool-1 housekeeper] WARN  com.zaxxer.hikari.pool.HikariPool - HikariPool-1 - Thread starvation or clock leap detected (housekeeper delta=45s258ms).
2022-08-13 19:49:30.319 [HikariPool-1 housekeeper] WARN  com.zaxxer.hikari.pool.HikariPool - HikariPool-1 - Thread starvation or clock leap detected (housekeeper delta=5m12s993ms).
2022-08-13 20:16:59.911 [HikariPool-1 housekeeper] WARN  com.zaxxer.hikari.pool.HikariPool - HikariPool-1 - Thread starvation or clock leap detected (housekeeper delta=27m29s594ms).
2022-08-13 20:52:46.142 [HikariPool-1 housekeeper] WARN  com.zaxxer.hikari.pool.HikariPool - HikariPool-1 - Thread starvation or clock leap detected (housekeeper delta=34m16s166ms).
2022-08-13 21:25:24.327 [http-nio-8001-exec-3] WARN  com.zaxxer.hikari.pool.PoolBase - HikariPool-1 - Failed to validate connection com.mysql.cj.jdbc.ConnectionImpl@11e6bd78 (No operations allowed after connection closed.). Possibly consider using a shorter maxLifetime value.
2022-08-13 21:25:24.333 [http-nio-8001-exec-3] WARN  com.zaxxer.hikari.pool.PoolBase - HikariPool-1 - Failed to validate connection com.mysql.cj.jdbc.ConnectionImpl@16cbf4fe (No operations allowed after connection closed.). Possibly consider using a shorter maxLifetime value.
2022-08-13 21:25:24.337 [http-nio-8001-exec-3] WARN  com.zaxxer.hikari.pool.PoolBase - HikariPool-1 - Failed to validate connection com.mysql.cj.jdbc.ConnectionImpl@32e6db41 (No operations allowed after connection closed.). Possibly consider using a shorter maxLifetime value.
2022-08-13 21:25:24.341 [http-nio-8001-exec-3] WARN  com.zaxxer.hikari.pool.PoolBase - HikariPool-1 - Failed to validate connection com.mysql.cj.jdbc.ConnectionImpl@16cfbd18 (No operations allowed after connection closed.). Possibly consider using a shorter maxLifetime value.
2022-08-13 21:25:24.344 [http-nio-8001-exec-3] WARN  com.zaxxer.hikari.pool.PoolBase - HikariPool-1 - Failed to validate connection com.mysql.cj.jdbc.ConnectionImpl@66150a94 (No operations allowed after connection closed.). Possibly consider using a shorter maxLifetime value.
2022-08-13 21:25:24.350 [http-nio-8001-exec-3] WARN  com.zaxxer.hikari.pool.PoolBase - HikariPool-1 - Failed to validate connection com.mysql.cj.jdbc.ConnectionImpl@2f306eac (No operations allowed after connection closed.). Possibly consider using a shorter maxLifetime value.
2022-08-13 21:25:24.353 [http-nio-8001-exec-3] WARN  com.zaxxer.hikari.pool.PoolBase - HikariPool-1 - Failed to validate connection com.mysql.cj.jdbc.ConnectionImpl@2b8884d8 (No operations allowed after connection closed.). Possibly consider using a shorter maxLifetime value.
2022-08-13 21:25:24.356 [http-nio-8001-exec-3] WARN  com.zaxxer.hikari.pool.PoolBase - HikariPool-1 - Failed to validate connection com.mysql.cj.jdbc.ConnectionImpl@4044cbcc (No operations allowed after connection closed.). Possibly consider using a shorter maxLifetime value.
2022-08-13 21:25:24.362 [http-nio-8001-exec-3] WARN  com.zaxxer.hikari.pool.PoolBase - HikariPool-1 - Failed to validate connection com.mysql.cj.jdbc.ConnectionImpl@ecb28fa (No operations allowed after connection closed.). Possibly consider using a shorter maxLifetime value.
2022-08-13 21:25:24.369 [http-nio-8001-exec-3] WARN  com.zaxxer.hikari.pool.PoolBase - HikariPool-1 - Failed to validate connection com.mysql.cj.jdbc.ConnectionImpl@22227281 (No operations allowed after connection closed.). Possibly consider using a shorter maxLifetime value.
2022-08-13 21:25:25.456 [HikariPool-1 housekeeper] WARN  com.zaxxer.hikari.pool.HikariPool - HikariPool-1 - Thread starvation or clock leap detected (housekeeper delta=32m39s314ms).
2022-08-13 23:32:08.883 [HikariPool-1 housekeeper] WARN  com.zaxxer.hikari.pool.HikariPool - HikariPool-1 - Thread starvation or clock leap detected (housekeeper delta=1m34s181ms).
2022-08-13 23:37:51.950 [HikariPool-1 housekeeper] WARN  com.zaxxer.hikari.pool.HikariPool - HikariPool-1 - Thread starvation or clock leap detected (housekeeper delta=5m13s54ms).
2022-08-13 23:43:34.974 [HikariPool-1 housekeeper] WARN  com.zaxxer.hikari.pool.HikariPool - HikariPool-1 - Thread starvation or clock leap detected (housekeeper delta=5m13s23ms).
2022-08-13 23:48:48.006 [HikariPool-1 housekeeper] WARN  com.zaxxer.hikari.pool.HikariPool - HikariPool-1 - Thread starvation or clock leap detected (housekeeper delta=5m13s33ms).
