2022-09-12 00:15:56.888 [HikariPool-1 housekeeper] WARN  com.zaxxer.hikari.pool.HikariPool - HikariPool-1 - Thread starvation or clock leap detected (housekeeper delta=15m34s22ms).
2022-09-12 00:31:56.785 [HikariPool-1 housekeeper] WARN  com.zaxxer.hikari.pool.HikariPool - HikariPool-1 - Thread starvation or clock leap detected (housekeeper delta=15m29s877ms).
2022-09-12 00:49:16.154 [HikariPool-1 housekeeper] WARN  com.zaxxer.hikari.pool.HikariPool - HikariPool-1 - Thread starvation or clock leap detected (housekeeper delta=16m49s356ms).
2022-09-12 01:05:20.658 [HikariPool-1 housekeeper] WARN  com.zaxxer.hikari.pool.HikariPool - HikariPool-1 - Thread starvation or clock leap detected (housekeeper delta=16m4s504ms).
2022-09-12 01:09:44.100 [HikariPool-1 housekeeper] WARN  com.zaxxer.hikari.pool.HikariPool - HikariPool-1 - Thread starvation or clock leap detected (housekeeper delta=3m53s431ms).
2022-09-12 01:27:26.483 [HikariPool-1 housekeeper] WARN  com.zaxxer.hikari.pool.HikariPool - HikariPool-1 - Thread starvation or clock leap detected (housekeeper delta=17m42s383ms).
2022-09-12 01:45:17.959 [HikariPool-1 housekeeper] WARN  com.zaxxer.hikari.pool.HikariPool - HikariPool-1 - Thread starvation or clock leap detected (housekeeper delta=17m21s373ms).
2022-09-12 02:02:36.367 [HikariPool-1 housekeeper] WARN  com.zaxxer.hikari.pool.HikariPool - HikariPool-1 - Thread starvation or clock leap detected (housekeeper delta=17m18s408ms).
2022-09-12 02:19:47.900 [HikariPool-1 housekeeper] WARN  com.zaxxer.hikari.pool.HikariPool - HikariPool-1 - Thread starvation or clock leap detected (housekeeper delta=16m41s539ms).
2022-09-12 02:36:44.395 [HikariPool-1 housekeeper] WARN  com.zaxxer.hikari.pool.HikariPool - HikariPool-1 - Thread starvation or clock leap detected (housekeeper delta=16m26s498ms).
2022-09-12 02:53:01.790 [HikariPool-1 housekeeper] WARN  com.zaxxer.hikari.pool.HikariPool - HikariPool-1 - Thread starvation or clock leap detected (housekeeper delta=16m17s396ms).
2022-09-12 03:11:44.199 [HikariPool-1 housekeeper] WARN  com.zaxxer.hikari.pool.HikariPool - HikariPool-1 - Thread starvation or clock leap detected (housekeeper delta=18m12s395ms).
2022-09-12 03:43:14.449 [HikariPool-1 housekeeper] WARN  com.zaxxer.hikari.pool.HikariPool - HikariPool-1 - Thread starvation or clock leap detected (housekeeper delta=17m58ms).
2022-09-12 04:01:12.876 [HikariPool-1 housekeeper] WARN  com.zaxxer.hikari.pool.HikariPool - HikariPool-1 - Thread starvation or clock leap detected (housekeeper delta=17m58s428ms).
2022-09-12 04:18:10.222 [HikariPool-1 housekeeper] WARN  com.zaxxer.hikari.pool.HikariPool - HikariPool-1 - Thread starvation or clock leap detected (housekeeper delta=16m27s325ms).
2022-09-12 04:34:37.682 [HikariPool-1 housekeeper] WARN  com.zaxxer.hikari.pool.HikariPool - HikariPool-1 - Thread starvation or clock leap detected (housekeeper delta=15m57s449ms).
2022-09-12 04:50:40.969 [HikariPool-1 housekeeper] WARN  com.zaxxer.hikari.pool.HikariPool - HikariPool-1 - Thread starvation or clock leap detected (housekeeper delta=16m3s286ms).
2022-09-12 05:08:51.280 [HikariPool-1 housekeeper] WARN  com.zaxxer.hikari.pool.HikariPool - HikariPool-1 - Thread starvation or clock leap detected (housekeeper delta=17m40s301ms).
2022-09-12 05:21:29.651 [HikariPool-1 housekeeper] WARN  com.zaxxer.hikari.pool.HikariPool - HikariPool-1 - Thread starvation or clock leap detected (housekeeper delta=12m38s371ms).
2022-09-12 05:23:29.106 [HikariPool-1 housekeeper] WARN  com.zaxxer.hikari.pool.HikariPool - HikariPool-1 - Thread starvation or clock leap detected (housekeeper delta=1m29s438ms).
2022-09-12 05:39:28.463 [HikariPool-1 housekeeper] WARN  com.zaxxer.hikari.pool.HikariPool - HikariPool-1 - Thread starvation or clock leap detected (housekeeper delta=15m59s358ms).
2022-09-12 05:58:06.818 [HikariPool-1 housekeeper] WARN  com.zaxxer.hikari.pool.HikariPool - HikariPool-1 - Thread starvation or clock leap detected (housekeeper delta=18m8s351ms).
2022-09-12 06:14:43.156 [HikariPool-1 housekeeper] WARN  com.zaxxer.hikari.pool.HikariPool - HikariPool-1 - Thread starvation or clock leap detected (housekeeper delta=16m36s338ms).
2022-09-12 06:45:15.065 [HikariPool-1 housekeeper] WARN  com.zaxxer.hikari.pool.HikariPool - HikariPool-1 - Thread starvation or clock leap detected (housekeeper delta=16m1s732ms).
2022-09-12 07:03:42.470 [HikariPool-1 housekeeper] WARN  com.zaxxer.hikari.pool.HikariPool - HikariPool-1 - Thread starvation or clock leap detected (housekeeper delta=17m57s399ms).
2022-09-12 07:20:50.867 [HikariPool-1 housekeeper] WARN  com.zaxxer.hikari.pool.HikariPool - HikariPool-1 - Thread starvation or clock leap detected (housekeeper delta=17m8s397ms).
2022-09-12 07:39:32.377 [HikariPool-1 housekeeper] WARN  com.zaxxer.hikari.pool.HikariPool - HikariPool-1 - Thread starvation or clock leap detected (housekeeper delta=18m11s514ms).
2022-09-12 07:56:00.830 [HikariPool-1 housekeeper] WARN  com.zaxxer.hikari.pool.HikariPool - HikariPool-1 - Thread starvation or clock leap detected (housekeeper delta=16m28s454ms).
2022-09-12 07:58:00.251 [HikariPool-1 housekeeper] WARN  com.zaxxer.hikari.pool.HikariPool - HikariPool-1 - Thread starvation or clock leap detected (housekeeper delta=1m29s407ms).
2022-09-12 08:13:40.678 [HikariPool-1 housekeeper] WARN  com.zaxxer.hikari.pool.HikariPool - HikariPool-1 - Thread starvation or clock leap detected (housekeeper delta=15m40s427ms).
2022-09-12 08:46:21.870 [HikariPool-1 housekeeper] WARN  com.zaxxer.hikari.pool.HikariPool - HikariPool-1 - Thread starvation or clock leap detected (housekeeper delta=17m40s957ms).
2022-09-12 09:02:47.251 [HikariPool-1 housekeeper] WARN  com.zaxxer.hikari.pool.HikariPool - HikariPool-1 - Thread starvation or clock leap detected (housekeeper delta=16m25s381ms).
2022-09-12 09:21:05.728 [HikariPool-1 housekeeper] WARN  com.zaxxer.hikari.pool.HikariPool - HikariPool-1 - Thread starvation or clock leap detected (housekeeper delta=17m48s468ms).
2022-09-12 09:42:24.888 [HikariPool-1 housekeeper] WARN  com.zaxxer.hikari.pool.HikariPool - HikariPool-1 - Thread starvation or clock leap detected (housekeeper delta=6m48s937ms).
2022-09-12 09:59:32.384 [HikariPool-1 housekeeper] WARN  com.zaxxer.hikari.pool.HikariPool - HikariPool-1 - Thread starvation or clock leap detected (housekeeper delta=17m7s496ms).
2022-09-12 10:00:02.236 [HikariPool-1 housekeeper] WARN  com.zaxxer.hikari.pool.HikariPool - HikariPool-1 - Retrograde clock change detected (housekeeper delta=29s850ms), soft-evicting connections from pool.
2022-09-12 10:51:01.171 [main] WARN  com.netflix.config.sources.URLConfigurationSource - No URLs will be polled as dynamic configuration sources.
2022-09-12 10:51:01.176 [main] WARN  com.netflix.config.sources.URLConfigurationSource - No URLs will be polled as dynamic configuration sources.
2022-09-12 11:16:28.410 [main] WARN  o.s.b.w.s.c.AnnotationConfigServletWebServerApplicationContext - Exception encountered during context initialization - cancelling refresh attempt: org.springframework.beans.factory.BeanCreationException: Error creating bean with name 'eduVideoController' defined in file [/Users/Penghao/IdeaProjects/gulicollege_parent/service/service_edu/target/classes/com/ant/eduService/controller/EduVideoController.class]: Bean instantiation via constructor failed; nested exception is org.springframework.beans.BeanInstantiationException: Failed to instantiate [com.ant.eduService.controller.EduVideoController]: Constructor threw exception; nested exception is java.lang.ClassCastException: ch.qos.logback.classic.Logger cannot be cast to java.util.logging.Logger
2022-09-12 11:17:52.312 [main] WARN  o.s.b.w.s.c.AnnotationConfigServletWebServerApplicationContext - Exception encountered during context initialization - cancelling refresh attempt: org.springframework.beans.factory.BeanCreationException: Error creating bean with name 'eduVideoController' defined in file [/Users/Penghao/IdeaProjects/gulicollege_parent/service/service_edu/target/classes/com/ant/eduService/controller/EduVideoController.class]: Bean instantiation via constructor failed; nested exception is org.springframework.beans.BeanInstantiationException: Failed to instantiate [com.ant.eduService.controller.EduVideoController]: Constructor threw exception; nested exception is java.lang.ClassCastException: ch.qos.logback.classic.Logger cannot be cast to java.util.logging.Logger
2022-09-12 11:18:56.127 [main] WARN  com.netflix.config.sources.URLConfigurationSource - No URLs will be polled as dynamic configuration sources.
2022-09-12 11:18:56.131 [main] WARN  com.netflix.config.sources.URLConfigurationSource - No URLs will be polled as dynamic configuration sources.
2022-09-12 11:44:55.276 [HikariPool-1 housekeeper] WARN  com.zaxxer.hikari.pool.HikariPool - HikariPool-1 - Retrograde clock change detected (housekeeper delta=29s861ms), soft-evicting connections from pool.
2022-09-12 12:00:24.125 [main] WARN  com.netflix.config.sources.URLConfigurationSource - No URLs will be polled as dynamic configuration sources.
2022-09-12 12:00:24.129 [main] WARN  com.netflix.config.sources.URLConfigurationSource - No URLs will be polled as dynamic configuration sources.
2022-09-12 13:00:47.715 [main] WARN  o.s.b.w.s.c.AnnotationConfigServletWebServerApplicationContext - Exception encountered during context initialization - cancelling refresh attempt: org.springframework.beans.factory.UnsatisfiedDependencyException: Error creating bean with name 'eduChapterController' defined in file [/Users/Penghao/IdeaProjects/gulicollege_parent/service/service_edu/target/classes/com/ant/eduService/controller/EduChapterController.class]: Unsatisfied dependency expressed through constructor parameter 0; nested exception is org.springframework.beans.factory.UnsatisfiedDependencyException: Error creating bean with name 'eduChapterServiceImpl' defined in file [/Users/Penghao/IdeaProjects/gulicollege_parent/service/service_edu/target/classes/com/ant/eduService/service/impl/EduChapterServiceImpl.class]: Unsatisfied dependency expressed through constructor parameter 0; nested exception is org.springframework.beans.factory.UnsatisfiedDependencyException: Error creating bean with name 'eduVideoServiceImpl' defined in file [/Users/Penghao/IdeaProjects/gulicollege_parent/service/service_edu/target/classes/com/ant/eduService/service/impl/EduVideoServiceImpl.class]: Unsatisfied dependency expressed through constructor parameter 0; nested exception is org.springframework.beans.factory.BeanCreationException: Error creating bean with name 'com.ant.eduService.client.VodClient': FactoryBean threw exception on object creation; nested exception is java.lang.IllegalStateException: No fallback instance of type class com.ant.eduService.client.degrade_feign.VodFileDegradeFeignClient found for feign client service-vod
2022-09-12 13:01:40.501 [main] WARN  o.s.b.w.s.c.AnnotationConfigServletWebServerApplicationContext - Exception encountered during context initialization - cancelling refresh attempt: org.springframework.beans.factory.UnsatisfiedDependencyException: Error creating bean with name 'eduChapterController' defined in file [/Users/Penghao/IdeaProjects/gulicollege_parent/service/service_edu/target/classes/com/ant/eduService/controller/EduChapterController.class]: Unsatisfied dependency expressed through constructor parameter 0; nested exception is org.springframework.beans.factory.UnsatisfiedDependencyException: Error creating bean with name 'eduChapterServiceImpl' defined in file [/Users/Penghao/IdeaProjects/gulicollege_parent/service/service_edu/target/classes/com/ant/eduService/service/impl/EduChapterServiceImpl.class]: Unsatisfied dependency expressed through constructor parameter 0; nested exception is org.springframework.beans.factory.UnsatisfiedDependencyException: Error creating bean with name 'eduVideoServiceImpl' defined in file [/Users/Penghao/IdeaProjects/gulicollege_parent/service/service_edu/target/classes/com/ant/eduService/service/impl/EduVideoServiceImpl.class]: Unsatisfied dependency expressed through constructor parameter 0; nested exception is org.springframework.beans.factory.BeanCreationException: Error creating bean with name 'com.ant.eduService.client.VodClient': FactoryBean threw exception on object creation; nested exception is java.lang.IllegalStateException: No fallback instance of type class com.ant.eduService.client.degrade_feign.VodFileDegradeFeignClient found for feign client service-vod
2022-09-12 13:02:06.518 [main] WARN  o.s.b.w.s.c.AnnotationConfigServletWebServerApplicationContext - Exception encountered during context initialization - cancelling refresh attempt: org.springframework.beans.factory.UnsatisfiedDependencyException: Error creating bean with name 'eduChapterController' defined in file [/Users/Penghao/IdeaProjects/gulicollege_parent/service/service_edu/target/classes/com/ant/eduService/controller/EduChapterController.class]: Unsatisfied dependency expressed through constructor parameter 0; nested exception is org.springframework.beans.factory.UnsatisfiedDependencyException: Error creating bean with name 'eduChapterServiceImpl' defined in file [/Users/Penghao/IdeaProjects/gulicollege_parent/service/service_edu/target/classes/com/ant/eduService/service/impl/EduChapterServiceImpl.class]: Unsatisfied dependency expressed through constructor parameter 0; nested exception is org.springframework.beans.factory.UnsatisfiedDependencyException: Error creating bean with name 'eduVideoServiceImpl' defined in file [/Users/Penghao/IdeaProjects/gulicollege_parent/service/service_edu/target/classes/com/ant/eduService/service/impl/EduVideoServiceImpl.class]: Unsatisfied dependency expressed through constructor parameter 0; nested exception is org.springframework.beans.factory.BeanCreationException: Error creating bean with name 'com.ant.eduService.client.VodClient': FactoryBean threw exception on object creation; nested exception is java.lang.IllegalStateException: No fallback instance of type class com.ant.eduService.client.degrade_feign.VodFileDegradeFeignClient found for feign client service-vod
2022-09-12 13:04:14.215 [main] WARN  com.netflix.config.sources.URLConfigurationSource - No URLs will be polled as dynamic configuration sources.
2022-09-12 13:04:14.219 [main] WARN  com.netflix.config.sources.URLConfigurationSource - No URLs will be polled as dynamic configuration sources.
2022-09-12 13:06:25.242 [main] WARN  com.netflix.config.sources.URLConfigurationSource - No URLs will be polled as dynamic configuration sources.
2022-09-12 13:06:25.247 [main] WARN  com.netflix.config.sources.URLConfigurationSource - No URLs will be polled as dynamic configuration sources.
2022-09-12 13:07:07.113 [http-nio-8001-exec-1] WARN  com.zaxxer.hikari.pool.PoolBase - HikariPool-1 - Failed to validate connection com.mysql.cj.jdbc.ConnectionImpl@457b9c76 (No operations allowed after connection closed.). Possibly consider using a shorter maxLifetime value.
