2022-08-11 00:00:50.831 [SpringContextShutdownHook] INFO  o.s.scheduling.concurrent.ThreadPoolTaskExecutor - Shutting down ExecutorService 'applicationTaskExecutor'
2022-08-11 00:00:50.843 [SpringContextShutdownHook] INFO  com.zaxxer.hikari.HikariDataSource - HikariPool-1 - Shutdown initiated...
2022-08-11 00:00:50.857 [SpringContextShutdownHook] INFO  com.zaxxer.hikari.HikariDataSource - HikariPool-1 - Shutdown completed.
2022-08-11 00:04:16.380 [main] INFO  com.ant.eduService.EduApplication - Starting EduApplication on 192.168.0.105 with PID 63185 (/Users/Penghao/IdeaProjects/gulicollege_parent/service/service_edu/target/classes started by Penghao in /Users/Penghao/IdeaProjects/gulicollege_parent)
2022-08-11 00:04:16.387 [main] INFO  com.ant.eduService.EduApplication - The following profiles are active: dev
2022-08-11 00:04:17.437 [main] INFO  o.s.d.r.config.RepositoryConfigurationDelegate - Multiple Spring Data modules found, entering strict repository configuration mode!
2022-08-11 00:04:17.439 [main] INFO  o.s.d.r.config.RepositoryConfigurationDelegate - Bootstrapping Spring Data repositories in DEFAULT mode.
2022-08-11 00:04:17.472 [main] INFO  o.s.d.r.config.RepositoryConfigurationDelegate - Finished Spring Data repository scanning in 19ms. Found 0 repository interfaces.
2022-08-11 00:04:17.866 [main] INFO  o.s.c.s.PostProcessorRegistrationDelegate$BeanPostProcessorChecker - Bean 'org.springframework.transaction.annotation.ProxyTransactionManagementConfiguration' of type [org.springframework.transaction.annotation.ProxyTransactionManagementConfiguration] is not eligible for getting processed by all BeanPostProcessors (for example: not eligible for auto-proxying)
2022-08-11 00:04:18.119 [main] INFO  o.s.boot.web.embedded.tomcat.TomcatWebServer - Tomcat initialized with port(s): 8001 (http)
2022-08-11 00:04:18.126 [main] INFO  org.apache.coyote.http11.Http11NioProtocol - Initializing ProtocolHandler ["http-nio-8001"]
2022-08-11 00:04:18.126 [main] INFO  org.apache.catalina.core.StandardService - Starting service [Tomcat]
2022-08-11 00:04:18.126 [main] INFO  org.apache.catalina.core.StandardEngine - Starting Servlet engine: [Apache Tomcat/9.0.27]
2022-08-11 00:04:18.207 [main] INFO  o.a.c.core.ContainerBase.[Tomcat].[localhost].[/] - Initializing Spring embedded WebApplicationContext
2022-08-11 00:04:18.209 [main] INFO  org.springframework.web.context.ContextLoader - Root WebApplicationContext: initialization completed in 1761 ms
2022-08-11 00:04:18.481 [main] INFO  com.zaxxer.hikari.HikariDataSource - HikariPool-1 - Starting...
2022-08-11 00:04:18.778 [main] INFO  com.zaxxer.hikari.HikariDataSource - HikariPool-1 - Start completed.
2022-08-11 00:04:19.463 [main] INFO  s.d.s.w.PropertySourcedRequestMappingHandlerMapping - Mapped URL path [/v2/api-docs] onto method [springfox.documentation.swagger2.web.Swagger2Controller#getDocumentation(String, HttpServletRequest)]
2022-08-11 00:04:19.579 [main] INFO  o.s.scheduling.concurrent.ThreadPoolTaskExecutor - Initializing ExecutorService 'applicationTaskExecutor'
2022-08-11 00:04:20.072 [main] INFO  s.d.s.web.plugins.DocumentationPluginsBootstrapper - Context refreshed
2022-08-11 00:04:20.084 [main] INFO  s.d.s.web.plugins.DocumentationPluginsBootstrapper - Found 1 custom documentation plugin(s)
2022-08-11 00:04:20.110 [main] INFO  s.d.spring.web.scanners.ApiListingReferenceScanner - Scanning for api listing references
2022-08-11 00:04:20.343 [main] INFO  org.apache.coyote.http11.Http11NioProtocol - Starting ProtocolHandler ["http-nio-8001"]
2022-08-11 00:04:20.372 [main] INFO  o.s.boot.web.embedded.tomcat.TomcatWebServer - Tomcat started on port(s): 8001 (http) with context path ''
2022-08-11 00:04:20.375 [main] INFO  com.ant.eduService.EduApplication - Started EduApplication in 4.903 seconds (JVM running for 6.59)
2022-08-11 00:04:48.606 [http-nio-8001-exec-1] INFO  o.a.c.core.ContainerBase.[Tomcat].[localhost].[/] - Initializing Spring DispatcherServlet 'dispatcherServlet'
2022-08-11 00:04:48.610 [http-nio-8001-exec-1] INFO  org.springframework.web.servlet.DispatcherServlet - Initializing Servlet 'dispatcherServlet'
2022-08-11 00:04:48.645 [http-nio-8001-exec-1] INFO  org.springframework.web.servlet.DispatcherServlet - Completed initialization in 34 ms
2022-08-11 00:05:14.122 [SpringContextShutdownHook] INFO  o.s.scheduling.concurrent.ThreadPoolTaskExecutor - Shutting down ExecutorService 'applicationTaskExecutor'
2022-08-11 00:05:14.128 [SpringContextShutdownHook] INFO  com.zaxxer.hikari.HikariDataSource - HikariPool-1 - Shutdown initiated...
2022-08-11 00:05:14.153 [SpringContextShutdownHook] INFO  com.zaxxer.hikari.HikariDataSource - HikariPool-1 - Shutdown completed.
2022-08-11 00:05:21.145 [main] INFO  com.ant.eduService.EduApplication - Starting EduApplication on 192.168.0.105 with PID 63194 (/Users/Penghao/IdeaProjects/gulicollege_parent/service/service_edu/target/classes started by Penghao in /Users/Penghao/IdeaProjects/gulicollege_parent)
2022-08-11 00:05:21.155 [main] INFO  com.ant.eduService.EduApplication - The following profiles are active: dev
2022-08-11 00:05:22.565 [main] INFO  o.s.d.r.config.RepositoryConfigurationDelegate - Multiple Spring Data modules found, entering strict repository configuration mode!
2022-08-11 00:05:22.567 [main] INFO  o.s.d.r.config.RepositoryConfigurationDelegate - Bootstrapping Spring Data repositories in DEFAULT mode.
2022-08-11 00:05:22.591 [main] INFO  o.s.d.r.config.RepositoryConfigurationDelegate - Finished Spring Data repository scanning in 13ms. Found 0 repository interfaces.
2022-08-11 00:05:22.923 [main] INFO  o.s.c.s.PostProcessorRegistrationDelegate$BeanPostProcessorChecker - Bean 'org.springframework.transaction.annotation.ProxyTransactionManagementConfiguration' of type [org.springframework.transaction.annotation.ProxyTransactionManagementConfiguration] is not eligible for getting processed by all BeanPostProcessors (for example: not eligible for auto-proxying)
2022-08-11 00:05:23.193 [main] INFO  o.s.boot.web.embedded.tomcat.TomcatWebServer - Tomcat initialized with port(s): 8001 (http)
2022-08-11 00:05:23.202 [main] INFO  org.apache.coyote.http11.Http11NioProtocol - Initializing ProtocolHandler ["http-nio-8001"]
2022-08-11 00:05:23.203 [main] INFO  org.apache.catalina.core.StandardService - Starting service [Tomcat]
2022-08-11 00:05:23.203 [main] INFO  org.apache.catalina.core.StandardEngine - Starting Servlet engine: [Apache Tomcat/9.0.27]
2022-08-11 00:05:23.304 [main] INFO  o.a.c.core.ContainerBase.[Tomcat].[localhost].[/] - Initializing Spring embedded WebApplicationContext
2022-08-11 00:05:23.306 [main] INFO  org.springframework.web.context.ContextLoader - Root WebApplicationContext: initialization completed in 2087 ms
2022-08-11 00:05:23.686 [main] INFO  com.zaxxer.hikari.HikariDataSource - HikariPool-1 - Starting...
2022-08-11 00:05:24.018 [main] INFO  com.zaxxer.hikari.HikariDataSource - HikariPool-1 - Start completed.
2022-08-11 00:05:24.653 [main] INFO  s.d.s.w.PropertySourcedRequestMappingHandlerMapping - Mapped URL path [/v2/api-docs] onto method [springfox.documentation.swagger2.web.Swagger2Controller#getDocumentation(String, HttpServletRequest)]
2022-08-11 00:05:24.773 [main] INFO  o.s.scheduling.concurrent.ThreadPoolTaskExecutor - Initializing ExecutorService 'applicationTaskExecutor'
2022-08-11 00:05:25.252 [main] INFO  s.d.s.web.plugins.DocumentationPluginsBootstrapper - Context refreshed
2022-08-11 00:05:25.263 [main] INFO  s.d.s.web.plugins.DocumentationPluginsBootstrapper - Found 1 custom documentation plugin(s)
2022-08-11 00:05:25.292 [main] INFO  s.d.spring.web.scanners.ApiListingReferenceScanner - Scanning for api listing references
2022-08-11 00:05:25.546 [main] INFO  org.apache.coyote.http11.Http11NioProtocol - Starting ProtocolHandler ["http-nio-8001"]
2022-08-11 00:05:25.575 [main] INFO  o.s.boot.web.embedded.tomcat.TomcatWebServer - Tomcat started on port(s): 8001 (http) with context path ''
2022-08-11 00:05:25.579 [main] INFO  com.ant.eduService.EduApplication - Started EduApplication in 5.25 seconds (JVM running for 6.15)
2022-08-11 00:05:48.860 [http-nio-8001-exec-1] INFO  o.a.c.core.ContainerBase.[Tomcat].[localhost].[/] - Initializing Spring DispatcherServlet 'dispatcherServlet'
2022-08-11 00:05:48.862 [http-nio-8001-exec-1] INFO  org.springframework.web.servlet.DispatcherServlet - Initializing Servlet 'dispatcherServlet'
2022-08-11 00:05:48.886 [http-nio-8001-exec-1] INFO  org.springframework.web.servlet.DispatcherServlet - Completed initialization in 24 ms
2022-08-11 00:07:12.944 [SpringContextShutdownHook] INFO  o.s.scheduling.concurrent.ThreadPoolTaskExecutor - Shutting down ExecutorService 'applicationTaskExecutor'
2022-08-11 00:07:12.948 [SpringContextShutdownHook] INFO  com.zaxxer.hikari.HikariDataSource - HikariPool-1 - Shutdown initiated...
2022-08-11 00:07:12.962 [SpringContextShutdownHook] INFO  com.zaxxer.hikari.HikariDataSource - HikariPool-1 - Shutdown completed.
2022-08-11 00:07:31.705 [main] INFO  com.ant.eduService.EduApplication - Starting EduApplication on 192.168.0.105 with PID 63258 (/Users/Penghao/IdeaProjects/gulicollege_parent/service/service_edu/target/classes started by Penghao in /Users/Penghao/IdeaProjects/gulicollege_parent)
2022-08-11 00:07:31.711 [main] INFO  com.ant.eduService.EduApplication - The following profiles are active: dev
2022-08-11 00:07:32.928 [main] INFO  o.s.d.r.config.RepositoryConfigurationDelegate - Multiple Spring Data modules found, entering strict repository configuration mode!
2022-08-11 00:07:32.931 [main] INFO  o.s.d.r.config.RepositoryConfigurationDelegate - Bootstrapping Spring Data repositories in DEFAULT mode.
2022-08-11 00:07:32.966 [main] INFO  o.s.d.r.config.RepositoryConfigurationDelegate - Finished Spring Data repository scanning in 16ms. Found 0 repository interfaces.
2022-08-11 00:07:33.402 [main] INFO  o.s.c.s.PostProcessorRegistrationDelegate$BeanPostProcessorChecker - Bean 'org.springframework.transaction.annotation.ProxyTransactionManagementConfiguration' of type [org.springframework.transaction.annotation.ProxyTransactionManagementConfiguration] is not eligible for getting processed by all BeanPostProcessors (for example: not eligible for auto-proxying)
2022-08-11 00:07:33.688 [main] INFO  o.s.boot.web.embedded.tomcat.TomcatWebServer - Tomcat initialized with port(s): 8001 (http)
2022-08-11 00:07:33.696 [main] INFO  org.apache.coyote.http11.Http11NioProtocol - Initializing ProtocolHandler ["http-nio-8001"]
2022-08-11 00:07:33.696 [main] INFO  org.apache.catalina.core.StandardService - Starting service [Tomcat]
2022-08-11 00:07:33.696 [main] INFO  org.apache.catalina.core.StandardEngine - Starting Servlet engine: [Apache Tomcat/9.0.27]
2022-08-11 00:07:33.774 [main] INFO  o.a.c.core.ContainerBase.[Tomcat].[localhost].[/] - Initializing Spring embedded WebApplicationContext
2022-08-11 00:07:33.777 [main] INFO  org.springframework.web.context.ContextLoader - Root WebApplicationContext: initialization completed in 2017 ms
2022-08-11 00:07:34.000 [main] INFO  com.zaxxer.hikari.HikariDataSource - HikariPool-1 - Starting...
2022-08-11 00:07:34.333 [main] INFO  com.zaxxer.hikari.HikariDataSource - HikariPool-1 - Start completed.
2022-08-11 00:07:35.001 [main] INFO  s.d.s.w.PropertySourcedRequestMappingHandlerMapping - Mapped URL path [/v2/api-docs] onto method [springfox.documentation.swagger2.web.Swagger2Controller#getDocumentation(String, HttpServletRequest)]
2022-08-11 00:07:35.124 [main] INFO  o.s.scheduling.concurrent.ThreadPoolTaskExecutor - Initializing ExecutorService 'applicationTaskExecutor'
2022-08-11 00:07:35.582 [main] INFO  s.d.s.web.plugins.DocumentationPluginsBootstrapper - Context refreshed
2022-08-11 00:07:35.594 [main] INFO  s.d.s.web.plugins.DocumentationPluginsBootstrapper - Found 1 custom documentation plugin(s)
2022-08-11 00:07:35.624 [main] INFO  s.d.spring.web.scanners.ApiListingReferenceScanner - Scanning for api listing references
2022-08-11 00:07:35.853 [main] INFO  org.apache.coyote.http11.Http11NioProtocol - Starting ProtocolHandler ["http-nio-8001"]
2022-08-11 00:07:35.881 [main] INFO  o.s.boot.web.embedded.tomcat.TomcatWebServer - Tomcat started on port(s): 8001 (http) with context path ''
2022-08-11 00:07:35.884 [main] INFO  com.ant.eduService.EduApplication - Started EduApplication in 4.919 seconds (JVM running for 5.818)
2022-08-11 00:07:48.080 [http-nio-8001-exec-1] INFO  o.a.c.core.ContainerBase.[Tomcat].[localhost].[/] - Initializing Spring DispatcherServlet 'dispatcherServlet'
2022-08-11 00:07:48.081 [http-nio-8001-exec-1] INFO  org.springframework.web.servlet.DispatcherServlet - Initializing Servlet 'dispatcherServlet'
2022-08-11 00:07:48.106 [http-nio-8001-exec-1] INFO  org.springframework.web.servlet.DispatcherServlet - Completed initialization in 24 ms
2022-08-11 00:08:09.748 [SpringContextShutdownHook] INFO  o.s.scheduling.concurrent.ThreadPoolTaskExecutor - Shutting down ExecutorService 'applicationTaskExecutor'
2022-08-11 00:08:09.754 [SpringContextShutdownHook] INFO  com.zaxxer.hikari.HikariDataSource - HikariPool-1 - Shutdown initiated...
2022-08-11 00:08:09.770 [SpringContextShutdownHook] INFO  com.zaxxer.hikari.HikariDataSource - HikariPool-1 - Shutdown completed.
2022-08-11 00:08:48.129 [main] INFO  com.ant.eduService.EduApplication - Starting EduApplication on 192.168.0.105 with PID 63294 (/Users/Penghao/IdeaProjects/gulicollege_parent/service/service_edu/target/classes started by Penghao in /Users/Penghao/IdeaProjects/gulicollege_parent)
2022-08-11 00:08:48.139 [main] INFO  com.ant.eduService.EduApplication - The following profiles are active: dev
2022-08-11 00:08:49.353 [main] INFO  o.s.d.r.config.RepositoryConfigurationDelegate - Multiple Spring Data modules found, entering strict repository configuration mode!
2022-08-11 00:08:49.355 [main] INFO  o.s.d.r.config.RepositoryConfigurationDelegate - Bootstrapping Spring Data repositories in DEFAULT mode.
2022-08-11 00:08:49.391 [main] INFO  o.s.d.r.config.RepositoryConfigurationDelegate - Finished Spring Data repository scanning in 22ms. Found 0 repository interfaces.
2022-08-11 00:08:49.720 [main] INFO  o.s.c.s.PostProcessorRegistrationDelegate$BeanPostProcessorChecker - Bean 'org.springframework.transaction.annotation.ProxyTransactionManagementConfiguration' of type [org.springframework.transaction.annotation.ProxyTransactionManagementConfiguration] is not eligible for getting processed by all BeanPostProcessors (for example: not eligible for auto-proxying)
2022-08-11 00:08:49.978 [main] INFO  o.s.boot.web.embedded.tomcat.TomcatWebServer - Tomcat initialized with port(s): 8001 (http)
2022-08-11 00:08:49.984 [main] INFO  org.apache.coyote.http11.Http11NioProtocol - Initializing ProtocolHandler ["http-nio-8001"]
2022-08-11 00:08:49.985 [main] INFO  org.apache.catalina.core.StandardService - Starting service [Tomcat]
2022-08-11 00:08:49.985 [main] INFO  org.apache.catalina.core.StandardEngine - Starting Servlet engine: [Apache Tomcat/9.0.27]
2022-08-11 00:08:50.063 [main] INFO  o.a.c.core.ContainerBase.[Tomcat].[localhost].[/] - Initializing Spring embedded WebApplicationContext
2022-08-11 00:08:50.065 [main] INFO  org.springframework.web.context.ContextLoader - Root WebApplicationContext: initialization completed in 1846 ms
2022-08-11 00:08:50.274 [main] INFO  com.zaxxer.hikari.HikariDataSource - HikariPool-1 - Starting...
2022-08-11 00:08:50.595 [main] INFO  com.zaxxer.hikari.HikariDataSource - HikariPool-1 - Start completed.
2022-08-11 00:08:51.266 [main] INFO  s.d.s.w.PropertySourcedRequestMappingHandlerMapping - Mapped URL path [/v2/api-docs] onto method [springfox.documentation.swagger2.web.Swagger2Controller#getDocumentation(String, HttpServletRequest)]
2022-08-11 00:08:51.400 [main] INFO  o.s.scheduling.concurrent.ThreadPoolTaskExecutor - Initializing ExecutorService 'applicationTaskExecutor'
2022-08-11 00:08:51.831 [main] INFO  s.d.s.web.plugins.DocumentationPluginsBootstrapper - Context refreshed
2022-08-11 00:08:51.843 [main] INFO  s.d.s.web.plugins.DocumentationPluginsBootstrapper - Found 1 custom documentation plugin(s)
2022-08-11 00:08:51.875 [main] INFO  s.d.spring.web.scanners.ApiListingReferenceScanner - Scanning for api listing references
2022-08-11 00:08:52.112 [main] INFO  org.apache.coyote.http11.Http11NioProtocol - Starting ProtocolHandler ["http-nio-8001"]
2022-08-11 00:08:52.141 [main] INFO  o.s.boot.web.embedded.tomcat.TomcatWebServer - Tomcat started on port(s): 8001 (http) with context path ''
2022-08-11 00:08:52.143 [main] INFO  com.ant.eduService.EduApplication - Started EduApplication in 4.794 seconds (JVM running for 5.549)
2022-08-11 00:09:29.738 [http-nio-8001-exec-1] INFO  o.a.c.core.ContainerBase.[Tomcat].[localhost].[/] - Initializing Spring DispatcherServlet 'dispatcherServlet'
2022-08-11 00:09:29.740 [http-nio-8001-exec-1] INFO  org.springframework.web.servlet.DispatcherServlet - Initializing Servlet 'dispatcherServlet'
2022-08-11 00:09:29.768 [http-nio-8001-exec-1] INFO  org.springframework.web.servlet.DispatcherServlet - Completed initialization in 27 ms
2022-08-11 00:33:06.147 [SpringContextShutdownHook] INFO  o.s.scheduling.concurrent.ThreadPoolTaskExecutor - Shutting down ExecutorService 'applicationTaskExecutor'
2022-08-11 00:33:06.152 [SpringContextShutdownHook] INFO  com.zaxxer.hikari.HikariDataSource - HikariPool-1 - Shutdown initiated...
2022-08-11 00:33:06.166 [SpringContextShutdownHook] INFO  com.zaxxer.hikari.HikariDataSource - HikariPool-1 - Shutdown completed.
2022-08-11 00:33:13.736 [main] INFO  com.ant.eduService.EduApplication - Starting EduApplication on 192.168.0.105 with PID 63713 (/Users/Penghao/IdeaProjects/gulicollege_parent/service/service_edu/target/classes started by Penghao in /Users/Penghao/IdeaProjects/gulicollege_parent)
2022-08-11 00:33:13.746 [main] INFO  com.ant.eduService.EduApplication - The following profiles are active: dev
2022-08-11 00:33:14.949 [main] INFO  o.s.d.r.config.RepositoryConfigurationDelegate - Multiple Spring Data modules found, entering strict repository configuration mode!
2022-08-11 00:33:14.952 [main] INFO  o.s.d.r.config.RepositoryConfigurationDelegate - Bootstrapping Spring Data repositories in DEFAULT mode.
2022-08-11 00:33:14.991 [main] INFO  o.s.d.r.config.RepositoryConfigurationDelegate - Finished Spring Data repository scanning in 21ms. Found 0 repository interfaces.
2022-08-11 00:33:15.470 [main] INFO  o.s.c.s.PostProcessorRegistrationDelegate$BeanPostProcessorChecker - Bean 'org.springframework.transaction.annotation.ProxyTransactionManagementConfiguration' of type [org.springframework.transaction.annotation.ProxyTransactionManagementConfiguration] is not eligible for getting processed by all BeanPostProcessors (for example: not eligible for auto-proxying)
2022-08-11 00:33:15.769 [main] INFO  o.s.boot.web.embedded.tomcat.TomcatWebServer - Tomcat initialized with port(s): 8001 (http)
2022-08-11 00:33:15.776 [main] INFO  org.apache.coyote.http11.Http11NioProtocol - Initializing ProtocolHandler ["http-nio-8001"]
2022-08-11 00:33:15.776 [main] INFO  org.apache.catalina.core.StandardService - Starting service [Tomcat]
2022-08-11 00:33:15.776 [main] INFO  org.apache.catalina.core.StandardEngine - Starting Servlet engine: [Apache Tomcat/9.0.27]
2022-08-11 00:33:15.851 [main] INFO  o.a.c.core.ContainerBase.[Tomcat].[localhost].[/] - Initializing Spring embedded WebApplicationContext
2022-08-11 00:33:15.854 [main] INFO  org.springframework.web.context.ContextLoader - Root WebApplicationContext: initialization completed in 2041 ms
2022-08-11 00:33:16.130 [main] INFO  com.zaxxer.hikari.HikariDataSource - HikariPool-1 - Starting...
2022-08-11 00:33:16.445 [main] INFO  com.zaxxer.hikari.HikariDataSource - HikariPool-1 - Start completed.
2022-08-11 00:33:17.103 [main] INFO  s.d.s.w.PropertySourcedRequestMappingHandlerMapping - Mapped URL path [/v2/api-docs] onto method [springfox.documentation.swagger2.web.Swagger2Controller#getDocumentation(String, HttpServletRequest)]
2022-08-11 00:33:17.227 [main] INFO  o.s.scheduling.concurrent.ThreadPoolTaskExecutor - Initializing ExecutorService 'applicationTaskExecutor'
2022-08-11 00:33:17.688 [main] INFO  s.d.s.web.plugins.DocumentationPluginsBootstrapper - Context refreshed
2022-08-11 00:33:17.698 [main] INFO  s.d.s.web.plugins.DocumentationPluginsBootstrapper - Found 1 custom documentation plugin(s)
2022-08-11 00:33:17.724 [main] INFO  s.d.spring.web.scanners.ApiListingReferenceScanner - Scanning for api listing references
2022-08-11 00:33:17.952 [main] INFO  org.apache.coyote.http11.Http11NioProtocol - Starting ProtocolHandler ["http-nio-8001"]
2022-08-11 00:33:18.006 [main] INFO  o.s.boot.web.embedded.tomcat.TomcatWebServer - Tomcat started on port(s): 8001 (http) with context path ''
2022-08-11 00:33:18.009 [main] INFO  com.ant.eduService.EduApplication - Started EduApplication in 4.916 seconds (JVM running for 6.136)
2022-08-11 00:33:24.206 [http-nio-8001-exec-2] INFO  o.a.c.core.ContainerBase.[Tomcat].[localhost].[/] - Initializing Spring DispatcherServlet 'dispatcherServlet'
2022-08-11 00:33:24.207 [http-nio-8001-exec-2] INFO  org.springframework.web.servlet.DispatcherServlet - Initializing Servlet 'dispatcherServlet'
2022-08-11 00:33:24.229 [http-nio-8001-exec-2] INFO  org.springframework.web.servlet.DispatcherServlet - Completed initialization in 22 ms
2022-08-11 00:35:59.981 [SpringContextShutdownHook] INFO  o.s.scheduling.concurrent.ThreadPoolTaskExecutor - Shutting down ExecutorService 'applicationTaskExecutor'
2022-08-11 00:35:59.986 [SpringContextShutdownHook] INFO  com.zaxxer.hikari.HikariDataSource - HikariPool-1 - Shutdown initiated...
2022-08-11 00:36:00.005 [SpringContextShutdownHook] INFO  com.zaxxer.hikari.HikariDataSource - HikariPool-1 - Shutdown completed.
2022-08-11 22:14:13.191 [main] INFO  com.ant.eduService.EduApplication - Starting EduApplication on 192.168.0.101 with PID 74326 (/Users/Penghao/IdeaProjects/gulicollege_parent/service/service_edu/target/classes started by Penghao in /Users/Penghao/IdeaProjects/gulicollege_parent)
2022-08-11 22:14:13.200 [main] INFO  com.ant.eduService.EduApplication - The following profiles are active: dev
2022-08-11 22:14:14.766 [main] INFO  o.s.d.r.config.RepositoryConfigurationDelegate - Multiple Spring Data modules found, entering strict repository configuration mode!
2022-08-11 22:14:14.769 [main] INFO  o.s.d.r.config.RepositoryConfigurationDelegate - Bootstrapping Spring Data repositories in DEFAULT mode.
2022-08-11 22:14:14.808 [main] INFO  o.s.d.r.config.RepositoryConfigurationDelegate - Finished Spring Data repository scanning in 24ms. Found 0 repository interfaces.
2022-08-11 22:14:15.145 [main] INFO  o.s.c.s.PostProcessorRegistrationDelegate$BeanPostProcessorChecker - Bean 'org.springframework.transaction.annotation.ProxyTransactionManagementConfiguration' of type [org.springframework.transaction.annotation.ProxyTransactionManagementConfiguration] is not eligible for getting processed by all BeanPostProcessors (for example: not eligible for auto-proxying)
2022-08-11 22:14:15.468 [main] INFO  o.s.boot.web.embedded.tomcat.TomcatWebServer - Tomcat initialized with port(s): 8001 (http)
2022-08-11 22:14:15.476 [main] INFO  org.apache.coyote.http11.Http11NioProtocol - Initializing ProtocolHandler ["http-nio-8001"]
2022-08-11 22:14:15.477 [main] INFO  org.apache.catalina.core.StandardService - Starting service [Tomcat]
2022-08-11 22:14:15.477 [main] INFO  org.apache.catalina.core.StandardEngine - Starting Servlet engine: [Apache Tomcat/9.0.27]
2022-08-11 22:14:15.563 [main] INFO  o.a.c.core.ContainerBase.[Tomcat].[localhost].[/] - Initializing Spring embedded WebApplicationContext
2022-08-11 22:14:15.566 [main] INFO  org.springframework.web.context.ContextLoader - Root WebApplicationContext: initialization completed in 2310 ms
2022-08-11 22:14:15.832 [main] INFO  com.zaxxer.hikari.HikariDataSource - HikariPool-1 - Starting...
2022-08-11 22:14:16.154 [main] INFO  com.zaxxer.hikari.HikariDataSource - HikariPool-1 - Start completed.
2022-08-11 22:14:16.721 [main] INFO  s.d.s.w.PropertySourcedRequestMappingHandlerMapping - Mapped URL path [/v2/api-docs] onto method [springfox.documentation.swagger2.web.Swagger2Controller#getDocumentation(String, HttpServletRequest)]
2022-08-11 22:14:16.837 [main] INFO  o.s.scheduling.concurrent.ThreadPoolTaskExecutor - Initializing ExecutorService 'applicationTaskExecutor'
2022-08-11 22:14:17.383 [main] INFO  s.d.s.web.plugins.DocumentationPluginsBootstrapper - Context refreshed
2022-08-11 22:14:17.396 [main] INFO  s.d.s.web.plugins.DocumentationPluginsBootstrapper - Found 1 custom documentation plugin(s)
2022-08-11 22:14:17.427 [main] INFO  s.d.spring.web.scanners.ApiListingReferenceScanner - Scanning for api listing references
2022-08-11 22:14:17.689 [main] INFO  org.apache.coyote.http11.Http11NioProtocol - Starting ProtocolHandler ["http-nio-8001"]
2022-08-11 22:14:17.718 [main] INFO  o.s.boot.web.embedded.tomcat.TomcatWebServer - Tomcat started on port(s): 8001 (http) with context path ''
2022-08-11 22:14:17.722 [main] INFO  com.ant.eduService.EduApplication - Started EduApplication in 5.36 seconds (JVM running for 6.338)
2022-08-11 22:14:33.478 [http-nio-8001-exec-1] INFO  o.a.c.core.ContainerBase.[Tomcat].[localhost].[/] - Initializing Spring DispatcherServlet 'dispatcherServlet'
2022-08-11 22:14:33.480 [http-nio-8001-exec-1] INFO  org.springframework.web.servlet.DispatcherServlet - Initializing Servlet 'dispatcherServlet'
2022-08-11 22:14:33.509 [http-nio-8001-exec-1] INFO  org.springframework.web.servlet.DispatcherServlet - Completed initialization in 28 ms
2022-08-11 22:53:14.662 [SpringContextShutdownHook] INFO  o.s.scheduling.concurrent.ThreadPoolTaskExecutor - Shutting down ExecutorService 'applicationTaskExecutor'
2022-08-11 22:53:14.666 [SpringContextShutdownHook] INFO  com.zaxxer.hikari.HikariDataSource - HikariPool-1 - Shutdown initiated...
2022-08-11 22:53:14.682 [SpringContextShutdownHook] INFO  com.zaxxer.hikari.HikariDataSource - HikariPool-1 - Shutdown completed.
2022-08-11 22:53:21.294 [main] INFO  com.ant.eduService.EduApplication - Starting EduApplication on 192.168.0.101 with PID 74509 (/Users/Penghao/IdeaProjects/gulicollege_parent/service/service_edu/target/classes started by Penghao in /Users/Penghao/IdeaProjects/gulicollege_parent)
2022-08-11 22:53:21.299 [main] INFO  com.ant.eduService.EduApplication - The following profiles are active: dev
2022-08-11 22:53:22.306 [main] INFO  o.s.d.r.config.RepositoryConfigurationDelegate - Multiple Spring Data modules found, entering strict repository configuration mode!
2022-08-11 22:53:22.309 [main] INFO  o.s.d.r.config.RepositoryConfigurationDelegate - Bootstrapping Spring Data repositories in DEFAULT mode.
2022-08-11 22:53:22.333 [main] INFO  o.s.d.r.config.RepositoryConfigurationDelegate - Finished Spring Data repository scanning in 14ms. Found 0 repository interfaces.
2022-08-11 22:53:22.673 [main] INFO  o.s.c.s.PostProcessorRegistrationDelegate$BeanPostProcessorChecker - Bean 'org.springframework.transaction.annotation.ProxyTransactionManagementConfiguration' of type [org.springframework.transaction.annotation.ProxyTransactionManagementConfiguration] is not eligible for getting processed by all BeanPostProcessors (for example: not eligible for auto-proxying)
2022-08-11 22:53:22.923 [main] INFO  o.s.boot.web.embedded.tomcat.TomcatWebServer - Tomcat initialized with port(s): 8001 (http)
2022-08-11 22:53:22.929 [main] INFO  org.apache.coyote.http11.Http11NioProtocol - Initializing ProtocolHandler ["http-nio-8001"]
2022-08-11 22:53:22.930 [main] INFO  org.apache.catalina.core.StandardService - Starting service [Tomcat]
2022-08-11 22:53:22.930 [main] INFO  org.apache.catalina.core.StandardEngine - Starting Servlet engine: [Apache Tomcat/9.0.27]
2022-08-11 22:53:23.009 [main] INFO  o.a.c.core.ContainerBase.[Tomcat].[localhost].[/] - Initializing Spring embedded WebApplicationContext
2022-08-11 22:53:23.012 [main] INFO  org.springframework.web.context.ContextLoader - Root WebApplicationContext: initialization completed in 1668 ms
2022-08-11 22:53:23.313 [main] INFO  com.zaxxer.hikari.HikariDataSource - HikariPool-1 - Starting...
2022-08-11 22:53:23.617 [main] INFO  com.zaxxer.hikari.HikariDataSource - HikariPool-1 - Start completed.
2022-08-11 22:53:24.279 [main] INFO  s.d.s.w.PropertySourcedRequestMappingHandlerMapping - Mapped URL path [/v2/api-docs] onto method [springfox.documentation.swagger2.web.Swagger2Controller#getDocumentation(String, HttpServletRequest)]
2022-08-11 22:53:24.458 [main] INFO  o.s.scheduling.concurrent.ThreadPoolTaskExecutor - Initializing ExecutorService 'applicationTaskExecutor'
2022-08-11 22:53:24.986 [main] INFO  s.d.s.web.plugins.DocumentationPluginsBootstrapper - Context refreshed
2022-08-11 22:53:24.999 [main] INFO  s.d.s.web.plugins.DocumentationPluginsBootstrapper - Found 1 custom documentation plugin(s)
2022-08-11 22:53:25.025 [main] INFO  s.d.spring.web.scanners.ApiListingReferenceScanner - Scanning for api listing references
2022-08-11 22:53:25.240 [main] INFO  org.apache.coyote.http11.Http11NioProtocol - Starting ProtocolHandler ["http-nio-8001"]
2022-08-11 22:53:25.265 [main] INFO  o.s.boot.web.embedded.tomcat.TomcatWebServer - Tomcat started on port(s): 8001 (http) with context path ''
2022-08-11 22:53:25.268 [main] INFO  com.ant.eduService.EduApplication - Started EduApplication in 4.621 seconds (JVM running for 5.382)
2022-08-11 22:53:41.951 [http-nio-8001-exec-1] INFO  o.a.c.core.ContainerBase.[Tomcat].[localhost].[/] - Initializing Spring DispatcherServlet 'dispatcherServlet'
2022-08-11 22:53:41.954 [http-nio-8001-exec-1] INFO  org.springframework.web.servlet.DispatcherServlet - Initializing Servlet 'dispatcherServlet'
2022-08-11 22:53:41.981 [http-nio-8001-exec-1] INFO  org.springframework.web.servlet.DispatcherServlet - Completed initialization in 27 ms
2022-08-11 22:54:25.079 [SpringContextShutdownHook] INFO  o.s.scheduling.concurrent.ThreadPoolTaskExecutor - Shutting down ExecutorService 'applicationTaskExecutor'
2022-08-11 22:54:25.083 [SpringContextShutdownHook] INFO  com.zaxxer.hikari.HikariDataSource - HikariPool-1 - Shutdown initiated...
2022-08-11 22:54:25.096 [SpringContextShutdownHook] INFO  com.zaxxer.hikari.HikariDataSource - HikariPool-1 - Shutdown completed.
2022-08-11 22:57:06.682 [main] INFO  com.ant.eduService.EduApplication - Starting EduApplication on 192.168.0.101 with PID 74570 (/Users/Penghao/IdeaProjects/gulicollege_parent/service/service_edu/target/classes started by Penghao in /Users/Penghao/IdeaProjects/gulicollege_parent)
2022-08-11 22:57:06.702 [main] INFO  com.ant.eduService.EduApplication - The following profiles are active: dev
2022-08-11 22:57:08.071 [main] INFO  o.s.d.r.config.RepositoryConfigurationDelegate - Multiple Spring Data modules found, entering strict repository configuration mode!
2022-08-11 22:57:08.073 [main] INFO  o.s.d.r.config.RepositoryConfigurationDelegate - Bootstrapping Spring Data repositories in DEFAULT mode.
2022-08-11 22:57:08.099 [main] INFO  o.s.d.r.config.RepositoryConfigurationDelegate - Finished Spring Data repository scanning in 14ms. Found 0 repository interfaces.
2022-08-11 22:57:08.444 [main] INFO  o.s.c.s.PostProcessorRegistrationDelegate$BeanPostProcessorChecker - Bean 'org.springframework.transaction.annotation.ProxyTransactionManagementConfiguration' of type [org.springframework.transaction.annotation.ProxyTransactionManagementConfiguration] is not eligible for getting processed by all BeanPostProcessors (for example: not eligible for auto-proxying)
2022-08-11 22:57:08.818 [main] INFO  o.s.boot.web.embedded.tomcat.TomcatWebServer - Tomcat initialized with port(s): 8001 (http)
2022-08-11 22:57:08.825 [main] INFO  org.apache.coyote.http11.Http11NioProtocol - Initializing ProtocolHandler ["http-nio-8001"]
2022-08-11 22:57:08.826 [main] INFO  org.apache.catalina.core.StandardService - Starting service [Tomcat]
2022-08-11 22:57:08.826 [main] INFO  org.apache.catalina.core.StandardEngine - Starting Servlet engine: [Apache Tomcat/9.0.27]
2022-08-11 22:57:08.900 [main] INFO  o.a.c.core.ContainerBase.[Tomcat].[localhost].[/] - Initializing Spring embedded WebApplicationContext
2022-08-11 22:57:08.902 [main] INFO  org.springframework.web.context.ContextLoader - Root WebApplicationContext: initialization completed in 1926 ms
2022-08-11 22:57:09.112 [main] INFO  com.zaxxer.hikari.HikariDataSource - HikariPool-1 - Starting...
2022-08-11 22:57:09.424 [main] INFO  com.zaxxer.hikari.HikariDataSource - HikariPool-1 - Start completed.
2022-08-11 22:57:09.975 [main] INFO  s.d.s.w.PropertySourcedRequestMappingHandlerMapping - Mapped URL path [/v2/api-docs] onto method [springfox.documentation.swagger2.web.Swagger2Controller#getDocumentation(String, HttpServletRequest)]
2022-08-11 22:57:10.139 [main] INFO  o.s.scheduling.concurrent.ThreadPoolTaskExecutor - Initializing ExecutorService 'applicationTaskExecutor'
2022-08-11 22:57:10.605 [main] INFO  s.d.s.web.plugins.DocumentationPluginsBootstrapper - Context refreshed
2022-08-11 22:57:10.616 [main] INFO  s.d.s.web.plugins.DocumentationPluginsBootstrapper - Found 1 custom documentation plugin(s)
2022-08-11 22:57:10.646 [main] INFO  s.d.spring.web.scanners.ApiListingReferenceScanner - Scanning for api listing references
2022-08-11 22:57:10.874 [main] INFO  org.apache.coyote.http11.Http11NioProtocol - Starting ProtocolHandler ["http-nio-8001"]
2022-08-11 22:57:10.900 [main] INFO  o.s.boot.web.embedded.tomcat.TomcatWebServer - Tomcat started on port(s): 8001 (http) with context path ''
2022-08-11 22:57:10.902 [main] INFO  com.ant.eduService.EduApplication - Started EduApplication in 6.186 seconds (JVM running for 6.987)
2022-08-11 22:57:15.804 [http-nio-8001-exec-2] INFO  o.a.c.core.ContainerBase.[Tomcat].[localhost].[/] - Initializing Spring DispatcherServlet 'dispatcherServlet'
2022-08-11 22:57:15.806 [http-nio-8001-exec-2] INFO  org.springframework.web.servlet.DispatcherServlet - Initializing Servlet 'dispatcherServlet'
2022-08-11 22:57:15.827 [http-nio-8001-exec-2] INFO  org.springframework.web.servlet.DispatcherServlet - Completed initialization in 20 ms
2022-08-11 22:57:15.873 [http-nio-8001-exec-2] INFO  com.ant.eduService.controller.EduLoginController - Rest to get user information when login
2022-08-11 22:57:34.227 [http-nio-8001-exec-3] INFO  com.ant.eduService.controller.EduLoginController - Rest to login
2022-08-11 22:57:51.414 [http-nio-8001-exec-4] INFO  com.ant.eduService.controller.EduLoginController - Rest to login
2022-08-11 23:01:02.169 [http-nio-8001-exec-7] INFO  com.ant.eduService.controller.EduLoginController - Rest to login
2022-08-11 23:01:02.771 [http-nio-8001-exec-8] INFO  com.ant.eduService.controller.EduLoginController - Rest to login
2022-08-11 23:03:49.468 [http-nio-8001-exec-10] INFO  com.ant.eduService.controller.EduLoginController - Rest to login
2022-08-11 23:03:50.191 [http-nio-8001-exec-1] INFO  com.ant.eduService.controller.EduLoginController - Rest to login
2022-08-11 23:03:50.464 [http-nio-8001-exec-2] INFO  com.ant.eduService.controller.EduLoginController - Rest to login
2022-08-11 23:03:50.680 [http-nio-8001-exec-3] INFO  com.ant.eduService.controller.EduLoginController - Rest to login
2022-08-11 23:04:40.027 [http-nio-8001-exec-4] INFO  com.ant.eduService.controller.EduLoginController - Rest to login
2022-08-11 23:04:40.743 [http-nio-8001-exec-5] INFO  com.ant.eduService.controller.EduLoginController - Rest to login
2022-08-11 23:05:10.477 [http-nio-8001-exec-6] INFO  com.ant.eduService.controller.EduLoginController - Rest to login
2022-08-11 23:05:11.158 [http-nio-8001-exec-7] INFO  com.ant.eduService.controller.EduLoginController - Rest to login
2022-08-11 23:05:11.532 [http-nio-8001-exec-8] INFO  com.ant.eduService.controller.EduLoginController - Rest to login
2022-08-11 23:05:11.707 [http-nio-8001-exec-9] INFO  com.ant.eduService.controller.EduLoginController - Rest to login
2022-08-11 23:05:11.905 [http-nio-8001-exec-10] INFO  com.ant.eduService.controller.EduLoginController - Rest to login
2022-08-11 23:05:33.782 [http-nio-8001-exec-1] INFO  com.ant.eduService.controller.EduLoginController - Rest to login
2022-08-11 23:05:34.333 [http-nio-8001-exec-2] INFO  com.ant.eduService.controller.EduLoginController - Rest to login
2022-08-11 23:06:45.279 [http-nio-8001-exec-4] INFO  com.ant.eduService.controller.EduLoginController - Rest to login
2022-08-11 23:06:45.880 [http-nio-8001-exec-5] INFO  com.ant.eduService.controller.EduLoginController - Rest to login
2022-08-11 23:07:28.538 [http-nio-8001-exec-6] INFO  com.ant.eduService.controller.EduLoginController - Rest to login
2022-08-11 23:08:10.817 [SpringContextShutdownHook] INFO  o.s.scheduling.concurrent.ThreadPoolTaskExecutor - Shutting down ExecutorService 'applicationTaskExecutor'
2022-08-11 23:08:10.826 [SpringContextShutdownHook] INFO  com.zaxxer.hikari.HikariDataSource - HikariPool-1 - Shutdown initiated...
2022-08-11 23:08:10.849 [SpringContextShutdownHook] INFO  com.zaxxer.hikari.HikariDataSource - HikariPool-1 - Shutdown completed.
2022-08-11 23:08:18.869 [main] INFO  com.ant.eduService.EduApplication - Starting EduApplication on 192.168.0.101 with PID 74781 (/Users/Penghao/IdeaProjects/gulicollege_parent/service/service_edu/target/classes started by Penghao in /Users/Penghao/IdeaProjects/gulicollege_parent)
2022-08-11 23:08:18.875 [main] INFO  com.ant.eduService.EduApplication - The following profiles are active: dev
2022-08-11 23:08:20.082 [main] INFO  o.s.d.r.config.RepositoryConfigurationDelegate - Multiple Spring Data modules found, entering strict repository configuration mode!
2022-08-11 23:08:20.084 [main] INFO  o.s.d.r.config.RepositoryConfigurationDelegate - Bootstrapping Spring Data repositories in DEFAULT mode.
2022-08-11 23:08:20.110 [main] INFO  o.s.d.r.config.RepositoryConfigurationDelegate - Finished Spring Data repository scanning in 16ms. Found 0 repository interfaces.
2022-08-11 23:08:20.387 [main] INFO  o.s.c.s.PostProcessorRegistrationDelegate$BeanPostProcessorChecker - Bean 'org.springframework.transaction.annotation.ProxyTransactionManagementConfiguration' of type [org.springframework.transaction.annotation.ProxyTransactionManagementConfiguration] is not eligible for getting processed by all BeanPostProcessors (for example: not eligible for auto-proxying)
2022-08-11 23:08:20.609 [main] INFO  o.s.boot.web.embedded.tomcat.TomcatWebServer - Tomcat initialized with port(s): 8001 (http)
2022-08-11 23:08:20.615 [main] INFO  org.apache.coyote.http11.Http11NioProtocol - Initializing ProtocolHandler ["http-nio-8001"]
2022-08-11 23:08:20.616 [main] INFO  org.apache.catalina.core.StandardService - Starting service [Tomcat]
2022-08-11 23:08:20.616 [main] INFO  org.apache.catalina.core.StandardEngine - Starting Servlet engine: [Apache Tomcat/9.0.27]
2022-08-11 23:08:20.685 [main] INFO  o.a.c.core.ContainerBase.[Tomcat].[localhost].[/] - Initializing Spring embedded WebApplicationContext
2022-08-11 23:08:20.687 [main] INFO  org.springframework.web.context.ContextLoader - Root WebApplicationContext: initialization completed in 1691 ms
2022-08-11 23:08:20.889 [main] INFO  com.zaxxer.hikari.HikariDataSource - HikariPool-1 - Starting...
2022-08-11 23:08:21.139 [main] INFO  com.zaxxer.hikari.HikariDataSource - HikariPool-1 - Start completed.
2022-08-11 23:08:21.637 [main] INFO  s.d.s.w.PropertySourcedRequestMappingHandlerMapping - Mapped URL path [/v2/api-docs] onto method [springfox.documentation.swagger2.web.Swagger2Controller#getDocumentation(String, HttpServletRequest)]
2022-08-11 23:08:21.731 [main] INFO  o.s.scheduling.concurrent.ThreadPoolTaskExecutor - Initializing ExecutorService 'applicationTaskExecutor'
2022-08-11 23:08:22.167 [main] INFO  s.d.s.web.plugins.DocumentationPluginsBootstrapper - Context refreshed
2022-08-11 23:08:22.176 [main] INFO  s.d.s.web.plugins.DocumentationPluginsBootstrapper - Found 1 custom documentation plugin(s)
2022-08-11 23:08:22.204 [main] INFO  s.d.spring.web.scanners.ApiListingReferenceScanner - Scanning for api listing references
2022-08-11 23:08:22.481 [main] INFO  org.apache.coyote.http11.Http11NioProtocol - Starting ProtocolHandler ["http-nio-8001"]
2022-08-11 23:08:22.511 [main] INFO  o.s.boot.web.embedded.tomcat.TomcatWebServer - Tomcat started on port(s): 8001 (http) with context path ''
2022-08-11 23:08:22.514 [main] INFO  com.ant.eduService.EduApplication - Started EduApplication in 4.407 seconds (JVM running for 5.005)
2022-08-11 23:08:31.231 [http-nio-8001-exec-1] INFO  o.a.c.core.ContainerBase.[Tomcat].[localhost].[/] - Initializing Spring DispatcherServlet 'dispatcherServlet'
2022-08-11 23:08:31.232 [http-nio-8001-exec-1] INFO  org.springframework.web.servlet.DispatcherServlet - Initializing Servlet 'dispatcherServlet'
2022-08-11 23:08:31.249 [http-nio-8001-exec-1] INFO  org.springframework.web.servlet.DispatcherServlet - Completed initialization in 17 ms
2022-08-11 23:08:31.288 [http-nio-8001-exec-1] INFO  com.ant.eduService.controller.EduLoginController - Rest to login
2022-08-11 23:08:32.059 [http-nio-8001-exec-2] INFO  com.ant.eduService.controller.EduLoginController - Rest to login
2022-08-11 23:10:34.977 [http-nio-8001-exec-4] INFO  com.ant.eduService.controller.EduLoginController - Rest to login
2022-08-11 23:12:38.340 [SpringContextShutdownHook] INFO  o.s.scheduling.concurrent.ThreadPoolTaskExecutor - Shutting down ExecutorService 'applicationTaskExecutor'
2022-08-11 23:12:38.347 [SpringContextShutdownHook] INFO  com.zaxxer.hikari.HikariDataSource - HikariPool-1 - Shutdown initiated...
2022-08-11 23:12:38.361 [SpringContextShutdownHook] INFO  com.zaxxer.hikari.HikariDataSource - HikariPool-1 - Shutdown completed.
2022-08-11 23:12:44.429 [main] INFO  com.ant.eduService.EduApplication - Starting EduApplication on 192.168.0.101 with PID 74827 (/Users/Penghao/IdeaProjects/gulicollege_parent/service/service_edu/target/classes started by Penghao in /Users/Penghao/IdeaProjects/gulicollege_parent)
2022-08-11 23:12:44.433 [main] INFO  com.ant.eduService.EduApplication - The following profiles are active: dev
2022-08-11 23:12:45.555 [main] INFO  o.s.d.r.config.RepositoryConfigurationDelegate - Multiple Spring Data modules found, entering strict repository configuration mode!
2022-08-11 23:12:45.557 [main] INFO  o.s.d.r.config.RepositoryConfigurationDelegate - Bootstrapping Spring Data repositories in DEFAULT mode.
2022-08-11 23:12:45.593 [main] INFO  o.s.d.r.config.RepositoryConfigurationDelegate - Finished Spring Data repository scanning in 25ms. Found 0 repository interfaces.
2022-08-11 23:12:45.950 [main] INFO  o.s.c.s.PostProcessorRegistrationDelegate$BeanPostProcessorChecker - Bean 'org.springframework.transaction.annotation.ProxyTransactionManagementConfiguration' of type [org.springframework.transaction.annotation.ProxyTransactionManagementConfiguration] is not eligible for getting processed by all BeanPostProcessors (for example: not eligible for auto-proxying)
2022-08-11 23:12:46.210 [main] INFO  o.s.boot.web.embedded.tomcat.TomcatWebServer - Tomcat initialized with port(s): 8001 (http)
2022-08-11 23:12:46.224 [main] INFO  org.apache.coyote.http11.Http11NioProtocol - Initializing ProtocolHandler ["http-nio-8001"]
2022-08-11 23:12:46.225 [main] INFO  org.apache.catalina.core.StandardService - Starting service [Tomcat]
2022-08-11 23:12:46.226 [main] INFO  org.apache.catalina.core.StandardEngine - Starting Servlet engine: [Apache Tomcat/9.0.27]
2022-08-11 23:12:46.301 [main] INFO  o.a.c.core.ContainerBase.[Tomcat].[localhost].[/] - Initializing Spring embedded WebApplicationContext
2022-08-11 23:12:46.303 [main] INFO  org.springframework.web.context.ContextLoader - Root WebApplicationContext: initialization completed in 1833 ms
2022-08-11 23:12:46.484 [main] INFO  com.zaxxer.hikari.HikariDataSource - HikariPool-1 - Starting...
2022-08-11 23:12:46.735 [main] INFO  com.zaxxer.hikari.HikariDataSource - HikariPool-1 - Start completed.
2022-08-11 23:12:47.269 [main] INFO  s.d.s.w.PropertySourcedRequestMappingHandlerMapping - Mapped URL path [/v2/api-docs] onto method [springfox.documentation.swagger2.web.Swagger2Controller#getDocumentation(String, HttpServletRequest)]
2022-08-11 23:12:47.370 [main] INFO  o.s.scheduling.concurrent.ThreadPoolTaskExecutor - Initializing ExecutorService 'applicationTaskExecutor'
2022-08-11 23:12:47.777 [main] INFO  s.d.s.web.plugins.DocumentationPluginsBootstrapper - Context refreshed
2022-08-11 23:12:47.786 [main] INFO  s.d.s.web.plugins.DocumentationPluginsBootstrapper - Found 1 custom documentation plugin(s)
2022-08-11 23:12:47.814 [main] INFO  s.d.spring.web.scanners.ApiListingReferenceScanner - Scanning for api listing references
2022-08-11 23:12:48.034 [main] INFO  org.apache.coyote.http11.Http11NioProtocol - Starting ProtocolHandler ["http-nio-8001"]
2022-08-11 23:12:48.067 [main] INFO  o.s.boot.web.embedded.tomcat.TomcatWebServer - Tomcat started on port(s): 8001 (http) with context path ''
2022-08-11 23:12:48.070 [main] INFO  com.ant.eduService.EduApplication - Started EduApplication in 4.185 seconds (JVM running for 4.742)
2022-08-11 23:13:00.895 [http-nio-8001-exec-2] INFO  o.a.c.core.ContainerBase.[Tomcat].[localhost].[/] - Initializing Spring DispatcherServlet 'dispatcherServlet'
2022-08-11 23:13:00.896 [http-nio-8001-exec-2] INFO  org.springframework.web.servlet.DispatcherServlet - Initializing Servlet 'dispatcherServlet'
2022-08-11 23:13:00.912 [http-nio-8001-exec-2] INFO  org.springframework.web.servlet.DispatcherServlet - Completed initialization in 15 ms
2022-08-11 23:13:00.952 [http-nio-8001-exec-2] INFO  com.ant.eduService.controller.EduLoginController - Rest to get user information when login
2022-08-11 23:13:03.064 [http-nio-8001-exec-3] INFO  com.ant.eduService.controller.EduLoginController - Rest to get user information when login
2022-08-11 23:13:22.624 [http-nio-8001-exec-4] INFO  com.ant.eduService.controller.EduLoginController - Rest to login
2022-08-11 23:13:24.934 [http-nio-8001-exec-5] INFO  com.ant.eduService.controller.EduLoginController - Rest to get user information when login
2022-08-11 23:13:25.790 [http-nio-8001-exec-6] INFO  com.ant.eduService.controller.EduLoginController - Rest to get user information when login
2022-08-11 23:13:32.674 [SpringContextShutdownHook] INFO  o.s.scheduling.concurrent.ThreadPoolTaskExecutor - Shutting down ExecutorService 'applicationTaskExecutor'
2022-08-11 23:13:32.678 [SpringContextShutdownHook] INFO  com.zaxxer.hikari.HikariDataSource - HikariPool-1 - Shutdown initiated...
2022-08-11 23:13:32.691 [SpringContextShutdownHook] INFO  com.zaxxer.hikari.HikariDataSource - HikariPool-1 - Shutdown completed.
2022-08-11 23:14:13.492 [main] INFO  com.ant.eduService.EduApplication - Starting EduApplication on 192.168.0.101 with PID 74859 (/Users/Penghao/IdeaProjects/gulicollege_parent/service/service_edu/target/classes started by Penghao in /Users/Penghao/IdeaProjects/gulicollege_parent)
2022-08-11 23:14:13.496 [main] INFO  com.ant.eduService.EduApplication - The following profiles are active: dev
2022-08-11 23:14:15.290 [main] INFO  o.s.d.r.config.RepositoryConfigurationDelegate - Multiple Spring Data modules found, entering strict repository configuration mode!
2022-08-11 23:14:15.292 [main] INFO  o.s.d.r.config.RepositoryConfigurationDelegate - Bootstrapping Spring Data repositories in DEFAULT mode.
2022-08-11 23:14:15.316 [main] INFO  o.s.d.r.config.RepositoryConfigurationDelegate - Finished Spring Data repository scanning in 13ms. Found 0 repository interfaces.
2022-08-11 23:14:15.614 [main] INFO  o.s.c.s.PostProcessorRegistrationDelegate$BeanPostProcessorChecker - Bean 'org.springframework.transaction.annotation.ProxyTransactionManagementConfiguration' of type [org.springframework.transaction.annotation.ProxyTransactionManagementConfiguration] is not eligible for getting processed by all BeanPostProcessors (for example: not eligible for auto-proxying)
2022-08-11 23:14:15.899 [main] INFO  o.s.boot.web.embedded.tomcat.TomcatWebServer - Tomcat initialized with port(s): 8001 (http)
2022-08-11 23:14:15.907 [main] INFO  org.apache.coyote.http11.Http11NioProtocol - Initializing ProtocolHandler ["http-nio-8001"]
2022-08-11 23:14:15.907 [main] INFO  org.apache.catalina.core.StandardService - Starting service [Tomcat]
2022-08-11 23:14:15.907 [main] INFO  org.apache.catalina.core.StandardEngine - Starting Servlet engine: [Apache Tomcat/9.0.27]
2022-08-11 23:14:15.979 [main] INFO  o.a.c.core.ContainerBase.[Tomcat].[localhost].[/] - Initializing Spring embedded WebApplicationContext
2022-08-11 23:14:15.981 [main] INFO  org.springframework.web.context.ContextLoader - Root WebApplicationContext: initialization completed in 2158 ms
2022-08-11 23:14:16.242 [main] INFO  com.zaxxer.hikari.HikariDataSource - HikariPool-1 - Starting...
2022-08-11 23:14:16.536 [main] INFO  com.zaxxer.hikari.HikariDataSource - HikariPool-1 - Start completed.
2022-08-11 23:14:17.043 [main] INFO  s.d.s.w.PropertySourcedRequestMappingHandlerMapping - Mapped URL path [/v2/api-docs] onto method [springfox.documentation.swagger2.web.Swagger2Controller#getDocumentation(String, HttpServletRequest)]
2022-08-11 23:14:17.199 [main] INFO  o.s.scheduling.concurrent.ThreadPoolTaskExecutor - Initializing ExecutorService 'applicationTaskExecutor'
2022-08-11 23:14:17.662 [main] INFO  s.d.s.web.plugins.DocumentationPluginsBootstrapper - Context refreshed
2022-08-11 23:14:17.673 [main] INFO  s.d.s.web.plugins.DocumentationPluginsBootstrapper - Found 1 custom documentation plugin(s)
2022-08-11 23:14:17.702 [main] INFO  s.d.spring.web.scanners.ApiListingReferenceScanner - Scanning for api listing references
2022-08-11 23:14:17.939 [main] INFO  org.apache.coyote.http11.Http11NioProtocol - Starting ProtocolHandler ["http-nio-8001"]
2022-08-11 23:14:17.967 [main] INFO  o.s.boot.web.embedded.tomcat.TomcatWebServer - Tomcat started on port(s): 8001 (http) with context path ''
2022-08-11 23:14:17.970 [main] INFO  com.ant.eduService.EduApplication - Started EduApplication in 6.034 seconds (JVM running for 6.711)
2022-08-11 23:14:22.059 [http-nio-8001-exec-1] INFO  o.a.c.core.ContainerBase.[Tomcat].[localhost].[/] - Initializing Spring DispatcherServlet 'dispatcherServlet'
2022-08-11 23:14:22.060 [http-nio-8001-exec-1] INFO  org.springframework.web.servlet.DispatcherServlet - Initializing Servlet 'dispatcherServlet'
2022-08-11 23:14:22.081 [http-nio-8001-exec-1] INFO  org.springframework.web.servlet.DispatcherServlet - Completed initialization in 20 ms
2022-08-11 23:14:22.113 [http-nio-8001-exec-1] INFO  com.ant.eduService.controller.EduLoginController - Rest to get user information when login
2022-08-11 23:14:33.502 [http-nio-8001-exec-4] INFO  com.ant.eduService.controller.EduLoginController - Rest to login
2022-08-11 23:14:35.369 [http-nio-8001-exec-5] INFO  com.ant.eduService.controller.EduLoginController - Rest to login
2022-08-11 23:14:36.270 [http-nio-8001-exec-6] INFO  com.ant.eduService.controller.EduLoginController - Rest to login
2022-08-11 23:14:38.212 [http-nio-8001-exec-7] INFO  com.ant.eduService.controller.EduLoginController - Rest to login
2022-08-11 23:14:38.889 [http-nio-8001-exec-8] INFO  com.ant.eduService.controller.EduLoginController - Rest to login
2022-08-11 23:14:39.419 [http-nio-8001-exec-9] INFO  com.ant.eduService.controller.EduLoginController - Rest to login
