2022-09-20 19:04:04.289 [main] INFO  com.ant.eduService.EduApplication - The following profiles are active: dev
2022-09-20 19:04:05.567 [main] INFO  o.s.d.r.config.RepositoryConfigurationDelegate - Multiple Spring Data modules found, entering strict repository configuration mode!
2022-09-20 19:04:05.569 [main] INFO  o.s.d.r.config.RepositoryConfigurationDelegate - Bootstrapping Spring Data repositories in DEFAULT mode.
2022-09-20 19:04:05.597 [main] INFO  o.s.d.r.config.RepositoryConfigurationDelegate - Finished Spring Data repository scanning in 20ms. Found 0 repository interfaces.
2022-09-20 19:04:05.885 [main] INFO  o.springframework.cloud.context.scope.GenericScope - BeanFactory id=88f6f538-cb46-3ac6-82d3-b0835534625b
2022-09-20 19:04:06.036 [main] INFO  o.s.c.s.PostProcessorRegistrationDelegate$BeanPostProcessorChecker - Bean 'org.springframework.transaction.annotation.ProxyTransactionManagementConfiguration' of type [org.springframework.transaction.annotation.ProxyTransactionManagementConfiguration] is not eligible for getting processed by all BeanPostProcessors (for example: not eligible for auto-proxying)
2022-09-20 19:04:06.103 [main] INFO  o.s.c.s.PostProcessorRegistrationDelegate$BeanPostProcessorChecker - Bean 'redisConfig' of type [com.ant.servicebase.config.RedisConfig$$EnhancerBySpringCGLIB$$fd78b884] is not eligible for getting processed by all BeanPostProcessors (for example: not eligible for auto-proxying)
2022-09-20 19:04:06.149 [main] INFO  o.s.c.s.PostProcessorRegistrationDelegate$BeanPostProcessorChecker - Bean 'org.springframework.cloud.autoconfigure.ConfigurationPropertiesRebinderAutoConfiguration' of type [org.springframework.cloud.autoconfigure.ConfigurationPropertiesRebinderAutoConfiguration] is not eligible for getting processed by all BeanPostProcessors (for example: not eligible for auto-proxying)
2022-09-20 19:04:06.407 [main] INFO  o.s.boot.web.embedded.tomcat.TomcatWebServer - Tomcat initialized with port(s): 8001 (http)
2022-09-20 19:04:06.417 [main] INFO  org.apache.coyote.http11.Http11NioProtocol - Initializing ProtocolHandler ["http-nio-8001"]
2022-09-20 19:04:06.418 [main] INFO  org.apache.catalina.core.StandardService - Starting service [Tomcat]
2022-09-20 19:04:06.418 [main] INFO  org.apache.catalina.core.StandardEngine - Starting Servlet engine: [Apache Tomcat/9.0.27]
2022-09-20 19:04:06.513 [main] INFO  o.a.c.core.ContainerBase.[Tomcat].[localhost].[/] - Initializing Spring embedded WebApplicationContext
2022-09-20 19:04:06.514 [main] INFO  org.springframework.web.context.ContextLoader - Root WebApplicationContext: initialization completed in 2174 ms
2022-09-20 19:04:07.137 [main] INFO  com.zaxxer.hikari.HikariDataSource - HikariPool-1 - Starting...
2022-09-20 19:04:07.348 [main] INFO  com.zaxxer.hikari.HikariDataSource - HikariPool-1 - Start completed.
2022-09-20 19:04:08.515 [main] INFO  s.d.s.w.PropertySourcedRequestMappingHandlerMapping - Mapped URL path [/v2/api-docs] onto method [springfox.documentation.swagger2.web.Swagger2Controller#getDocumentation(String, HttpServletRequest)]
2022-09-20 19:04:08.546 [main] INFO  com.netflix.config.sources.URLConfigurationSource - To enable URLs as dynamic configuration sources, define System property archaius.configurationSource.additionalUrls or make config.properties available on classpath.
2022-09-20 19:04:08.550 [main] INFO  com.netflix.config.sources.URLConfigurationSource - To enable URLs as dynamic configuration sources, define System property archaius.configurationSource.additionalUrls or make config.properties available on classpath.
2022-09-20 19:04:08.692 [main] INFO  o.s.scheduling.concurrent.ThreadPoolTaskExecutor - Initializing ExecutorService 'applicationTaskExecutor'
2022-09-20 19:04:09.115 [main] INFO  o.s.scheduling.concurrent.ThreadPoolTaskScheduler - Initializing ExecutorService
2022-09-20 19:04:09.239 [main] INFO  s.d.s.web.plugins.DocumentationPluginsBootstrapper - Context refreshed
2022-09-20 19:04:09.267 [main] INFO  s.d.s.web.plugins.DocumentationPluginsBootstrapper - Found 1 custom documentation plugin(s)
2022-09-20 19:04:09.335 [main] INFO  s.d.spring.web.scanners.ApiListingReferenceScanner - Scanning for api listing references
2022-09-20 19:04:09.603 [main] INFO  s.d.s.w.r.operation.CachingOperationNameGenerator - Generating unique operation named: pageTeacherConditionUsingPOST_1
2022-09-20 19:04:09.669 [main] INFO  org.apache.coyote.http11.Http11NioProtocol - Starting ProtocolHandler ["http-nio-8001"]
2022-09-20 19:04:09.687 [main] INFO  org.apache.coyote.http11.Http11NioProtocol - Pausing ProtocolHandler ["http-nio-8001"]
2022-09-20 19:04:09.687 [main] INFO  org.apache.catalina.core.StandardService - Stopping service [Tomcat]
2022-09-20 19:04:09.693 [main] INFO  org.apache.coyote.http11.Http11NioProtocol - Stopping ProtocolHandler ["http-nio-8001"]
2022-09-20 19:04:09.694 [main] INFO  org.apache.coyote.http11.Http11NioProtocol - Destroying ProtocolHandler ["http-nio-8001"]
2022-09-20 19:04:09.699 [main] INFO  o.s.b.a.l.ConditionEvaluationReportLoggingListener - 

Error starting ApplicationContext. To display the conditions report re-run your application with 'debug' enabled.
2022-09-20 19:04:09.708 [main] INFO  o.s.scheduling.concurrent.ThreadPoolTaskExecutor - Shutting down ExecutorService 'applicationTaskExecutor'
2022-09-20 19:04:09.761 [main] INFO  com.zaxxer.hikari.HikariDataSource - HikariPool-1 - Shutdown initiated...
2022-09-20 19:04:09.773 [main] INFO  com.zaxxer.hikari.HikariDataSource - HikariPool-1 - Shutdown completed.
2022-09-20 19:04:51.955 [main] INFO  com.ant.eduService.EduApplication - The following profiles are active: dev
2022-09-20 19:04:53.112 [main] INFO  o.s.d.r.config.RepositoryConfigurationDelegate - Multiple Spring Data modules found, entering strict repository configuration mode!
2022-09-20 19:04:53.116 [main] INFO  o.s.d.r.config.RepositoryConfigurationDelegate - Bootstrapping Spring Data repositories in DEFAULT mode.
2022-09-20 19:04:53.144 [main] INFO  o.s.d.r.config.RepositoryConfigurationDelegate - Finished Spring Data repository scanning in 19ms. Found 0 repository interfaces.
2022-09-20 19:04:53.503 [main] INFO  o.springframework.cloud.context.scope.GenericScope - BeanFactory id=88f6f538-cb46-3ac6-82d3-b0835534625b
2022-09-20 19:04:53.684 [main] INFO  o.s.c.s.PostProcessorRegistrationDelegate$BeanPostProcessorChecker - Bean 'org.springframework.transaction.annotation.ProxyTransactionManagementConfiguration' of type [org.springframework.transaction.annotation.ProxyTransactionManagementConfiguration] is not eligible for getting processed by all BeanPostProcessors (for example: not eligible for auto-proxying)
2022-09-20 19:04:53.720 [main] INFO  o.s.c.s.PostProcessorRegistrationDelegate$BeanPostProcessorChecker - Bean 'redisConfig' of type [com.ant.servicebase.config.RedisConfig$$EnhancerBySpringCGLIB$$5a3e09e6] is not eligible for getting processed by all BeanPostProcessors (for example: not eligible for auto-proxying)
2022-09-20 19:04:53.764 [main] INFO  o.s.c.s.PostProcessorRegistrationDelegate$BeanPostProcessorChecker - Bean 'org.springframework.cloud.autoconfigure.ConfigurationPropertiesRebinderAutoConfiguration' of type [org.springframework.cloud.autoconfigure.ConfigurationPropertiesRebinderAutoConfiguration] is not eligible for getting processed by all BeanPostProcessors (for example: not eligible for auto-proxying)
2022-09-20 19:04:53.999 [main] INFO  o.s.boot.web.embedded.tomcat.TomcatWebServer - Tomcat initialized with port(s): 8001 (http)
2022-09-20 19:04:54.006 [main] INFO  org.apache.coyote.http11.Http11NioProtocol - Initializing ProtocolHandler ["http-nio-8001"]
2022-09-20 19:04:54.007 [main] INFO  org.apache.catalina.core.StandardService - Starting service [Tomcat]
2022-09-20 19:04:54.007 [main] INFO  org.apache.catalina.core.StandardEngine - Starting Servlet engine: [Apache Tomcat/9.0.27]
2022-09-20 19:04:54.239 [main] INFO  o.a.c.core.ContainerBase.[Tomcat].[localhost].[/] - Initializing Spring embedded WebApplicationContext
2022-09-20 19:04:54.242 [main] INFO  org.springframework.web.context.ContextLoader - Root WebApplicationContext: initialization completed in 2244 ms
2022-09-20 19:04:54.841 [main] INFO  com.zaxxer.hikari.HikariDataSource - HikariPool-1 - Starting...
2022-09-20 19:04:55.053 [main] INFO  com.zaxxer.hikari.HikariDataSource - HikariPool-1 - Start completed.
2022-09-20 19:04:56.270 [main] INFO  s.d.s.w.PropertySourcedRequestMappingHandlerMapping - Mapped URL path [/v2/api-docs] onto method [springfox.documentation.swagger2.web.Swagger2Controller#getDocumentation(String, HttpServletRequest)]
2022-09-20 19:04:56.298 [main] INFO  com.netflix.config.sources.URLConfigurationSource - To enable URLs as dynamic configuration sources, define System property archaius.configurationSource.additionalUrls or make config.properties available on classpath.
2022-09-20 19:04:56.302 [main] INFO  com.netflix.config.sources.URLConfigurationSource - To enable URLs as dynamic configuration sources, define System property archaius.configurationSource.additionalUrls or make config.properties available on classpath.
2022-09-20 19:04:56.439 [main] INFO  o.s.scheduling.concurrent.ThreadPoolTaskExecutor - Initializing ExecutorService 'applicationTaskExecutor'
2022-09-20 19:04:56.840 [main] INFO  o.s.scheduling.concurrent.ThreadPoolTaskScheduler - Initializing ExecutorService
2022-09-20 19:04:56.970 [main] INFO  s.d.s.web.plugins.DocumentationPluginsBootstrapper - Context refreshed
2022-09-20 19:04:57.007 [main] INFO  s.d.s.web.plugins.DocumentationPluginsBootstrapper - Found 1 custom documentation plugin(s)
2022-09-20 19:04:57.068 [main] INFO  s.d.spring.web.scanners.ApiListingReferenceScanner - Scanning for api listing references
2022-09-20 19:04:57.381 [main] INFO  s.d.s.w.r.operation.CachingOperationNameGenerator - Generating unique operation named: pageTeacherConditionUsingPOST_1
2022-09-20 19:04:57.450 [main] INFO  org.apache.coyote.http11.Http11NioProtocol - Starting ProtocolHandler ["http-nio-8001"]
2022-09-20 19:04:57.469 [main] INFO  org.apache.coyote.http11.Http11NioProtocol - Pausing ProtocolHandler ["http-nio-8001"]
2022-09-20 19:04:57.469 [main] INFO  org.apache.catalina.core.StandardService - Stopping service [Tomcat]
2022-09-20 19:04:57.475 [main] INFO  org.apache.coyote.http11.Http11NioProtocol - Stopping ProtocolHandler ["http-nio-8001"]
2022-09-20 19:04:57.476 [main] INFO  org.apache.coyote.http11.Http11NioProtocol - Destroying ProtocolHandler ["http-nio-8001"]
2022-09-20 19:04:57.479 [main] INFO  o.s.b.a.l.ConditionEvaluationReportLoggingListener - 

Error starting ApplicationContext. To display the conditions report re-run your application with 'debug' enabled.
2022-09-20 19:04:57.482 [main] INFO  o.s.scheduling.concurrent.ThreadPoolTaskExecutor - Shutting down ExecutorService 'applicationTaskExecutor'
2022-09-20 19:04:57.511 [main] INFO  com.zaxxer.hikari.HikariDataSource - HikariPool-1 - Shutdown initiated...
2022-09-20 19:04:57.530 [main] INFO  com.zaxxer.hikari.HikariDataSource - HikariPool-1 - Shutdown completed.
2022-09-20 19:13:05.203 [main] INFO  com.ant.eduService.EduApplication - The following profiles are active: dev
2022-09-20 19:13:06.389 [main] INFO  o.s.d.r.config.RepositoryConfigurationDelegate - Multiple Spring Data modules found, entering strict repository configuration mode!
2022-09-20 19:13:06.392 [main] INFO  o.s.d.r.config.RepositoryConfigurationDelegate - Bootstrapping Spring Data repositories in DEFAULT mode.
2022-09-20 19:13:06.423 [main] INFO  o.s.d.r.config.RepositoryConfigurationDelegate - Finished Spring Data repository scanning in 22ms. Found 0 repository interfaces.
2022-09-20 19:13:06.720 [main] INFO  o.springframework.cloud.context.scope.GenericScope - BeanFactory id=88f6f538-cb46-3ac6-82d3-b0835534625b
2022-09-20 19:13:06.876 [main] INFO  o.s.c.s.PostProcessorRegistrationDelegate$BeanPostProcessorChecker - Bean 'org.springframework.transaction.annotation.ProxyTransactionManagementConfiguration' of type [org.springframework.transaction.annotation.ProxyTransactionManagementConfiguration] is not eligible for getting processed by all BeanPostProcessors (for example: not eligible for auto-proxying)
2022-09-20 19:13:06.936 [main] INFO  o.s.c.s.PostProcessorRegistrationDelegate$BeanPostProcessorChecker - Bean 'redisConfig' of type [com.ant.servicebase.config.RedisConfig$$EnhancerBySpringCGLIB$$df0efb37] is not eligible for getting processed by all BeanPostProcessors (for example: not eligible for auto-proxying)
2022-09-20 19:13:06.980 [main] INFO  o.s.c.s.PostProcessorRegistrationDelegate$BeanPostProcessorChecker - Bean 'org.springframework.cloud.autoconfigure.ConfigurationPropertiesRebinderAutoConfiguration' of type [org.springframework.cloud.autoconfigure.ConfigurationPropertiesRebinderAutoConfiguration] is not eligible for getting processed by all BeanPostProcessors (for example: not eligible for auto-proxying)
2022-09-20 19:13:07.188 [main] INFO  o.s.boot.web.embedded.tomcat.TomcatWebServer - Tomcat initialized with port(s): 8001 (http)
2022-09-20 19:13:07.196 [main] INFO  org.apache.coyote.http11.Http11NioProtocol - Initializing ProtocolHandler ["http-nio-8001"]
2022-09-20 19:13:07.197 [main] INFO  org.apache.catalina.core.StandardService - Starting service [Tomcat]
2022-09-20 19:13:07.197 [main] INFO  org.apache.catalina.core.StandardEngine - Starting Servlet engine: [Apache Tomcat/9.0.27]
2022-09-20 19:13:07.295 [main] INFO  o.a.c.core.ContainerBase.[Tomcat].[localhost].[/] - Initializing Spring embedded WebApplicationContext
2022-09-20 19:13:07.296 [main] INFO  org.springframework.web.context.ContextLoader - Root WebApplicationContext: initialization completed in 2060 ms
2022-09-20 19:13:07.984 [main] INFO  com.zaxxer.hikari.HikariDataSource - HikariPool-1 - Starting...
2022-09-20 19:13:08.200 [main] INFO  com.zaxxer.hikari.HikariDataSource - HikariPool-1 - Start completed.
2022-09-20 19:13:09.377 [main] INFO  s.d.s.w.PropertySourcedRequestMappingHandlerMapping - Mapped URL path [/v2/api-docs] onto method [springfox.documentation.swagger2.web.Swagger2Controller#getDocumentation(String, HttpServletRequest)]
2022-09-20 19:13:09.403 [main] INFO  com.netflix.config.sources.URLConfigurationSource - To enable URLs as dynamic configuration sources, define System property archaius.configurationSource.additionalUrls or make config.properties available on classpath.
2022-09-20 19:13:09.407 [main] INFO  com.netflix.config.sources.URLConfigurationSource - To enable URLs as dynamic configuration sources, define System property archaius.configurationSource.additionalUrls or make config.properties available on classpath.
2022-09-20 19:13:09.543 [main] INFO  o.s.scheduling.concurrent.ThreadPoolTaskExecutor - Initializing ExecutorService 'applicationTaskExecutor'
2022-09-20 19:13:09.999 [main] INFO  o.s.scheduling.concurrent.ThreadPoolTaskScheduler - Initializing ExecutorService
2022-09-20 19:13:10.130 [main] INFO  s.d.s.web.plugins.DocumentationPluginsBootstrapper - Context refreshed
2022-09-20 19:13:10.165 [main] INFO  s.d.s.web.plugins.DocumentationPluginsBootstrapper - Found 1 custom documentation plugin(s)
2022-09-20 19:13:10.228 [main] INFO  s.d.spring.web.scanners.ApiListingReferenceScanner - Scanning for api listing references
2022-09-20 19:13:10.546 [main] INFO  s.d.s.w.r.operation.CachingOperationNameGenerator - Generating unique operation named: pageTeacherConditionUsingPOST_1
2022-09-20 19:13:10.644 [main] INFO  org.apache.coyote.http11.Http11NioProtocol - Starting ProtocolHandler ["http-nio-8001"]
2022-09-20 19:13:10.683 [main] INFO  o.s.boot.web.embedded.tomcat.TomcatWebServer - Tomcat started on port(s): 8001 (http) with context path ''
2022-09-20 19:13:10.724 [main] INFO  o.s.c.alibaba.nacos.registry.NacosServiceRegistry - nacos registry, service-edu 192.168.0.105:8001 register finished
2022-09-20 19:13:10.737 [main] INFO  com.ant.eduService.EduApplication - Started EduApplication in 7.009 seconds (JVM running for 7.912)
2022-09-20 19:13:54.998 [http-nio-8001-exec-1] INFO  o.a.c.core.ContainerBase.[Tomcat].[localhost].[/] - Initializing Spring DispatcherServlet 'dispatcherServlet'
2022-09-20 19:13:55.000 [http-nio-8001-exec-1] INFO  org.springframework.web.servlet.DispatcherServlet - Initializing Servlet 'dispatcherServlet'
2022-09-20 19:13:55.028 [http-nio-8001-exec-1] INFO  org.springframework.web.servlet.DispatcherServlet - Completed initialization in 28 ms
2022-09-20 19:13:55.083 [http-nio-8001-exec-1] INFO  c.a.e.controller.front.FrontTeacherController - Rest to get teacher list in web front
