2022-09-21 09:45:36.397 [http-nio-8001-exec-2] INFO  io.lettuce.core.EpollProvider - Starting without optional epoll library
2022-09-21 09:45:36.402 [http-nio-8001-exec-2] INFO  io.lettuce.core.KqueueProvider - Starting without optional kqueue library
2022-09-21 14:35:04.459 [SpringContextShutdownHook] INFO  o.s.c.alibaba.nacos.registry.NacosServiceRegistry - De-registering from Nacos Server now...
2022-09-21 14:35:04.555 [SpringContextShutdownHook] INFO  o.s.c.alibaba.nacos.registry.NacosServiceRegistry - De-registration finished.
2022-09-21 14:35:04.559 [SpringContextShutdownHook] INFO  o.s.scheduling.concurrent.ThreadPoolTaskExecutor - Shutting down ExecutorService 'applicationTaskExecutor'
2022-09-21 14:35:04.853 [SpringContextShutdownHook] INFO  com.zaxxer.hikari.HikariDataSource - HikariPool-1 - Shutdown initiated...
2022-09-21 14:35:04.961 [SpringContextShutdownHook] INFO  com.zaxxer.hikari.HikariDataSource - HikariPool-1 - Shutdown completed.
2022-09-21 14:37:51.003 [main] INFO  com.ant.eduService.EduApplication - The following profiles are active: dev
2022-09-21 14:37:52.145 [main] INFO  o.s.d.r.config.RepositoryConfigurationDelegate - Multiple Spring Data modules found, entering strict repository configuration mode!
2022-09-21 14:37:52.149 [main] INFO  o.s.d.r.config.RepositoryConfigurationDelegate - Bootstrapping Spring Data repositories in DEFAULT mode.
2022-09-21 14:37:52.182 [main] INFO  o.s.d.r.config.RepositoryConfigurationDelegate - Finished Spring Data repository scanning in 19ms. Found 0 repository interfaces.
2022-09-21 14:37:52.503 [main] INFO  o.springframework.cloud.context.scope.GenericScope - BeanFactory id=88f6f538-cb46-3ac6-82d3-b0835534625b
2022-09-21 14:37:52.702 [main] INFO  o.s.c.s.PostProcessorRegistrationDelegate$BeanPostProcessorChecker - Bean 'org.springframework.transaction.annotation.ProxyTransactionManagementConfiguration' of type [org.springframework.transaction.annotation.ProxyTransactionManagementConfiguration] is not eligible for getting processed by all BeanPostProcessors (for example: not eligible for auto-proxying)
2022-09-21 14:37:52.739 [main] INFO  o.s.c.s.PostProcessorRegistrationDelegate$BeanPostProcessorChecker - Bean 'redisConfig' of type [com.ant.servicebase.config.RedisConfig$$EnhancerBySpringCGLIB$$982fd673] is not eligible for getting processed by all BeanPostProcessors (for example: not eligible for auto-proxying)
2022-09-21 14:37:52.774 [main] INFO  o.s.c.s.PostProcessorRegistrationDelegate$BeanPostProcessorChecker - Bean 'org.springframework.cloud.autoconfigure.ConfigurationPropertiesRebinderAutoConfiguration' of type [org.springframework.cloud.autoconfigure.ConfigurationPropertiesRebinderAutoConfiguration] is not eligible for getting processed by all BeanPostProcessors (for example: not eligible for auto-proxying)
2022-09-21 14:37:52.999 [main] INFO  o.s.boot.web.embedded.tomcat.TomcatWebServer - Tomcat initialized with port(s): 8001 (http)
2022-09-21 14:37:53.009 [main] INFO  org.apache.coyote.http11.Http11NioProtocol - Initializing ProtocolHandler ["http-nio-8001"]
2022-09-21 14:37:53.009 [main] INFO  org.apache.catalina.core.StandardService - Starting service [Tomcat]
2022-09-21 14:37:53.010 [main] INFO  org.apache.catalina.core.StandardEngine - Starting Servlet engine: [Apache Tomcat/9.0.27]
2022-09-21 14:37:53.186 [main] INFO  o.a.c.core.ContainerBase.[Tomcat].[localhost].[/] - Initializing Spring embedded WebApplicationContext
2022-09-21 14:37:53.188 [main] INFO  org.springframework.web.context.ContextLoader - Root WebApplicationContext: initialization completed in 2148 ms
2022-09-21 14:37:53.751 [main] INFO  com.zaxxer.hikari.HikariDataSource - HikariPool-1 - Starting...
2022-09-21 14:37:54.245 [main] INFO  com.zaxxer.hikari.HikariDataSource - HikariPool-1 - Start completed.
2022-09-21 14:37:55.424 [main] INFO  s.d.s.w.PropertySourcedRequestMappingHandlerMapping - Mapped URL path [/v2/api-docs] onto method [springfox.documentation.swagger2.web.Swagger2Controller#getDocumentation(String, HttpServletRequest)]
2022-09-21 14:37:55.459 [main] INFO  com.netflix.config.sources.URLConfigurationSource - To enable URLs as dynamic configuration sources, define System property archaius.configurationSource.additionalUrls or make config.properties available on classpath.
2022-09-21 14:37:55.465 [main] INFO  com.netflix.config.sources.URLConfigurationSource - To enable URLs as dynamic configuration sources, define System property archaius.configurationSource.additionalUrls or make config.properties available on classpath.
2022-09-21 14:37:55.627 [main] INFO  o.s.scheduling.concurrent.ThreadPoolTaskExecutor - Initializing ExecutorService 'applicationTaskExecutor'
2022-09-21 14:37:56.144 [main] INFO  o.s.scheduling.concurrent.ThreadPoolTaskScheduler - Initializing ExecutorService
2022-09-21 14:37:56.277 [main] INFO  s.d.s.web.plugins.DocumentationPluginsBootstrapper - Context refreshed
2022-09-21 14:37:56.299 [main] INFO  s.d.s.web.plugins.DocumentationPluginsBootstrapper - Found 1 custom documentation plugin(s)
2022-09-21 14:37:56.345 [main] INFO  s.d.spring.web.scanners.ApiListingReferenceScanner - Scanning for api listing references
2022-09-21 14:37:56.673 [main] INFO  s.d.s.w.r.operation.CachingOperationNameGenerator - Generating unique operation named: pageTeacherConditionUsingPOST_1
2022-09-21 14:37:56.748 [main] INFO  org.apache.coyote.http11.Http11NioProtocol - Starting ProtocolHandler ["http-nio-8001"]
2022-09-21 14:37:56.783 [main] INFO  o.s.boot.web.embedded.tomcat.TomcatWebServer - Tomcat started on port(s): 8001 (http) with context path ''
2022-09-21 14:37:56.853 [main] INFO  o.s.c.alibaba.nacos.registry.NacosServiceRegistry - nacos registry, service-edu 192.168.216.147:8001 register finished
2022-09-21 14:37:56.873 [main] INFO  com.ant.eduService.EduApplication - Started EduApplication in 9.96 seconds (JVM running for 11.681)
2022-09-21 14:38:49.796 [http-nio-8001-exec-1] INFO  o.a.c.core.ContainerBase.[Tomcat].[localhost].[/] - Initializing Spring DispatcherServlet 'dispatcherServlet'
2022-09-21 14:38:49.799 [http-nio-8001-exec-1] INFO  org.springframework.web.servlet.DispatcherServlet - Initializing Servlet 'dispatcherServlet'
2022-09-21 14:38:49.840 [http-nio-8001-exec-1] INFO  org.springframework.web.servlet.DispatcherServlet - Completed initialization in 40 ms
2022-09-21 14:38:50.029 [http-nio-8001-exec-1] INFO  io.lettuce.core.EpollProvider - Starting without optional epoll library
2022-09-21 14:38:50.040 [http-nio-8001-exec-1] INFO  io.lettuce.core.KqueueProvider - Starting without optional kqueue library
2022-09-21 14:39:49.187 [http-nio-8001-exec-3] INFO  c.a.e.controller.front.FrontTeacherController - Rest to get teacher list in web front
2022-09-21 14:41:12.270 [http-nio-8001-exec-6] INFO  c.a.e.controller.front.FrontTeacherController - Rest to get teacher list in web front
2022-09-21 14:42:45.169 [http-nio-8001-exec-9] INFO  c.a.e.controller.front.FrontTeacherController - Rest to get teacher list in web front
2022-09-21 14:45:42.477 [http-nio-8001-exec-10] INFO  c.a.e.controller.front.FrontTeacherController - Rest to get teacher list in web front
2022-09-21 15:08:19.647 [http-nio-8001-exec-3] INFO  c.a.e.controller.front.FrontTeacherController - Rest to get teacher list in web front
2022-09-21 15:09:13.645 [http-nio-8001-exec-6] INFO  c.a.e.controller.front.FrontTeacherController - Rest to get teacher list in web front
2022-09-21 15:10:28.044 [http-nio-8001-exec-9] INFO  c.a.e.controller.front.FrontTeacherController - Rest to get teacher list in web front
2022-09-21 15:10:30.667 [http-nio-8001-exec-10] INFO  c.a.e.controller.front.FrontTeacherController - Rest to get teacher list in web front
2022-09-21 15:10:37.269 [http-nio-8001-exec-1] INFO  c.a.e.controller.front.FrontTeacherController - Rest to get teacher list in web front
2022-09-21 15:10:40.329 [http-nio-8001-exec-2] INFO  c.a.e.controller.front.FrontTeacherController - Rest to get teacher list in web front
2022-09-21 15:10:57.451 [http-nio-8001-exec-3] INFO  c.a.e.controller.front.FrontTeacherController - Rest to get teacher list in web front
2022-09-21 15:11:06.049 [http-nio-8001-exec-4] INFO  c.a.e.controller.front.FrontTeacherController - Rest to get teacher list in web front
2022-09-21 16:08:51.018 [SpringContextShutdownHook] INFO  o.s.c.alibaba.nacos.registry.NacosServiceRegistry - De-registering from Nacos Server now...
2022-09-21 16:08:51.114 [SpringContextShutdownHook] INFO  o.s.c.alibaba.nacos.registry.NacosServiceRegistry - De-registration finished.
2022-09-21 16:08:51.119 [SpringContextShutdownHook] INFO  o.s.scheduling.concurrent.ThreadPoolTaskExecutor - Shutting down ExecutorService 'applicationTaskExecutor'
2022-09-21 16:08:51.635 [SpringContextShutdownHook] INFO  com.zaxxer.hikari.HikariDataSource - HikariPool-1 - Shutdown initiated...
2022-09-21 16:08:51.669 [SpringContextShutdownHook] INFO  com.zaxxer.hikari.HikariDataSource - HikariPool-1 - Shutdown completed.
2022-09-21 16:42:36.996 [main] INFO  com.ant.eduService.EduApplication - The following profiles are active: dev
2022-09-21 16:42:38.137 [main] INFO  o.s.d.r.config.RepositoryConfigurationDelegate - Multiple Spring Data modules found, entering strict repository configuration mode!
2022-09-21 16:42:38.140 [main] INFO  o.s.d.r.config.RepositoryConfigurationDelegate - Bootstrapping Spring Data repositories in DEFAULT mode.
2022-09-21 16:42:38.184 [main] INFO  o.s.d.r.config.RepositoryConfigurationDelegate - Finished Spring Data repository scanning in 34ms. Found 0 repository interfaces.
2022-09-21 16:42:38.491 [main] INFO  o.springframework.cloud.context.scope.GenericScope - BeanFactory id=88f6f538-cb46-3ac6-82d3-b0835534625b
2022-09-21 16:42:38.645 [main] INFO  o.s.c.s.PostProcessorRegistrationDelegate$BeanPostProcessorChecker - Bean 'org.springframework.transaction.annotation.ProxyTransactionManagementConfiguration' of type [org.springframework.transaction.annotation.ProxyTransactionManagementConfiguration] is not eligible for getting processed by all BeanPostProcessors (for example: not eligible for auto-proxying)
2022-09-21 16:42:38.685 [main] INFO  o.s.c.s.PostProcessorRegistrationDelegate$BeanPostProcessorChecker - Bean 'redisConfig' of type [com.ant.servicebase.config.RedisConfig$$EnhancerBySpringCGLIB$$2f125792] is not eligible for getting processed by all BeanPostProcessors (for example: not eligible for auto-proxying)
2022-09-21 16:42:38.723 [main] INFO  o.s.c.s.PostProcessorRegistrationDelegate$BeanPostProcessorChecker - Bean 'org.springframework.cloud.autoconfigure.ConfigurationPropertiesRebinderAutoConfiguration' of type [org.springframework.cloud.autoconfigure.ConfigurationPropertiesRebinderAutoConfiguration] is not eligible for getting processed by all BeanPostProcessors (for example: not eligible for auto-proxying)
2022-09-21 16:42:38.938 [main] INFO  o.s.boot.web.embedded.tomcat.TomcatWebServer - Tomcat initialized with port(s): 8001 (http)
2022-09-21 16:42:38.946 [main] INFO  org.apache.coyote.http11.Http11NioProtocol - Initializing ProtocolHandler ["http-nio-8001"]
2022-09-21 16:42:38.947 [main] INFO  org.apache.catalina.core.StandardService - Starting service [Tomcat]
2022-09-21 16:42:38.948 [main] INFO  org.apache.catalina.core.StandardEngine - Starting Servlet engine: [Apache Tomcat/9.0.27]
2022-09-21 16:42:39.166 [main] INFO  o.a.c.core.ContainerBase.[Tomcat].[localhost].[/] - Initializing Spring embedded WebApplicationContext
2022-09-21 16:42:39.172 [main] INFO  org.springframework.web.context.ContextLoader - Root WebApplicationContext: initialization completed in 2144 ms
2022-09-21 16:42:39.900 [main] INFO  com.zaxxer.hikari.HikariDataSource - HikariPool-1 - Starting...
2022-09-21 16:42:40.134 [main] INFO  com.zaxxer.hikari.HikariDataSource - HikariPool-1 - Start completed.
2022-09-21 16:42:41.521 [main] INFO  s.d.s.w.PropertySourcedRequestMappingHandlerMapping - Mapped URL path [/v2/api-docs] onto method [springfox.documentation.swagger2.web.Swagger2Controller#getDocumentation(String, HttpServletRequest)]
2022-09-21 16:42:41.549 [main] INFO  com.netflix.config.sources.URLConfigurationSource - To enable URLs as dynamic configuration sources, define System property archaius.configurationSource.additionalUrls or make config.properties available on classpath.
2022-09-21 16:42:41.561 [main] INFO  com.netflix.config.sources.URLConfigurationSource - To enable URLs as dynamic configuration sources, define System property archaius.configurationSource.additionalUrls or make config.properties available on classpath.
2022-09-21 16:42:41.756 [main] INFO  o.s.scheduling.concurrent.ThreadPoolTaskExecutor - Initializing ExecutorService 'applicationTaskExecutor'
2022-09-21 16:42:42.170 [main] INFO  o.s.scheduling.concurrent.ThreadPoolTaskScheduler - Initializing ExecutorService
2022-09-21 16:42:42.348 [main] INFO  s.d.s.web.plugins.DocumentationPluginsBootstrapper - Context refreshed
2022-09-21 16:42:42.386 [main] INFO  s.d.s.web.plugins.DocumentationPluginsBootstrapper - Found 1 custom documentation plugin(s)
2022-09-21 16:42:42.451 [main] INFO  s.d.spring.web.scanners.ApiListingReferenceScanner - Scanning for api listing references
2022-09-21 16:42:42.726 [main] INFO  s.d.s.w.r.operation.CachingOperationNameGenerator - Generating unique operation named: pageTeacherConditionUsingPOST_1
2022-09-21 16:42:42.801 [main] INFO  org.apache.coyote.http11.Http11NioProtocol - Starting ProtocolHandler ["http-nio-8001"]
2022-09-21 16:42:42.849 [main] INFO  o.s.boot.web.embedded.tomcat.TomcatWebServer - Tomcat started on port(s): 8001 (http) with context path ''
2022-09-21 16:42:42.923 [main] INFO  o.s.c.alibaba.nacos.registry.NacosServiceRegistry - nacos registry, service-edu 192.168.216.147:8001 register finished
2022-09-21 16:42:42.938 [main] INFO  com.ant.eduService.EduApplication - Started EduApplication in 11.308 seconds (JVM running for 14.329)
2022-09-21 16:42:49.733 [http-nio-8001-exec-1] INFO  o.a.c.core.ContainerBase.[Tomcat].[localhost].[/] - Initializing Spring DispatcherServlet 'dispatcherServlet'
2022-09-21 16:42:49.735 [http-nio-8001-exec-1] INFO  org.springframework.web.servlet.DispatcherServlet - Initializing Servlet 'dispatcherServlet'
2022-09-21 16:42:49.764 [http-nio-8001-exec-1] INFO  org.springframework.web.servlet.DispatcherServlet - Completed initialization in 29 ms
2022-09-21 16:42:50.019 [http-nio-8001-exec-1] INFO  io.lettuce.core.EpollProvider - Starting without optional epoll library
2022-09-21 16:42:50.022 [http-nio-8001-exec-1] INFO  io.lettuce.core.KqueueProvider - Starting without optional kqueue library
2022-09-21 16:42:50.852 [http-nio-8001-exec-2] INFO  c.a.e.controller.front.FrontTeacherController - Rest to get teacher list in web front
2022-09-21 20:38:54.178 [lettuce-eventExecutorLoop-1-5] INFO  io.lettuce.core.protocol.ConnectionWatchdog - Reconnecting, last destination was /123.56.169.10:6380
2022-09-21 20:38:54.245 [lettuce-nioEventLoop-4-2] INFO  io.lettuce.core.protocol.ReconnectionHandler - Reconnected to 123.56.169.10:6380
2022-09-21 20:40:46.309 [SpringContextShutdownHook] INFO  o.s.c.alibaba.nacos.registry.NacosServiceRegistry - De-registering from Nacos Server now...
2022-09-21 20:40:46.383 [SpringContextShutdownHook] INFO  o.s.c.alibaba.nacos.registry.NacosServiceRegistry - De-registration finished.
2022-09-21 20:40:46.393 [SpringContextShutdownHook] INFO  o.s.scheduling.concurrent.ThreadPoolTaskExecutor - Shutting down ExecutorService 'applicationTaskExecutor'
2022-09-21 20:40:46.607 [SpringContextShutdownHook] INFO  com.zaxxer.hikari.HikariDataSource - HikariPool-1 - Shutdown initiated...
2022-09-21 20:40:46.624 [SpringContextShutdownHook] INFO  com.zaxxer.hikari.HikariDataSource - HikariPool-1 - Shutdown completed.
2022-09-21 20:42:00.535 [main] INFO  com.ant.eduService.EduApplication - The following profiles are active: dev
2022-09-21 20:42:01.940 [main] INFO  o.s.d.r.config.RepositoryConfigurationDelegate - Multiple Spring Data modules found, entering strict repository configuration mode!
2022-09-21 20:42:01.945 [main] INFO  o.s.d.r.config.RepositoryConfigurationDelegate - Bootstrapping Spring Data repositories in DEFAULT mode.
2022-09-21 20:42:01.994 [main] INFO  o.s.d.r.config.RepositoryConfigurationDelegate - Finished Spring Data repository scanning in 34ms. Found 0 repository interfaces.
2022-09-21 20:42:02.347 [main] INFO  o.springframework.cloud.context.scope.GenericScope - BeanFactory id=223fd03a-62ed-37dd-9504-de32c3e80139
2022-09-21 20:42:02.526 [main] INFO  o.s.c.s.PostProcessorRegistrationDelegate$BeanPostProcessorChecker - Bean 'org.springframework.transaction.annotation.ProxyTransactionManagementConfiguration' of type [org.springframework.transaction.annotation.ProxyTransactionManagementConfiguration] is not eligible for getting processed by all BeanPostProcessors (for example: not eligible for auto-proxying)
2022-09-21 20:42:02.566 [main] INFO  o.s.c.s.PostProcessorRegistrationDelegate$BeanPostProcessorChecker - Bean 'redisConfig' of type [com.ant.servicebase.config.RedisConfig$$EnhancerBySpringCGLIB$$45cf05a9] is not eligible for getting processed by all BeanPostProcessors (for example: not eligible for auto-proxying)
2022-09-21 20:42:02.613 [main] INFO  o.s.c.s.PostProcessorRegistrationDelegate$BeanPostProcessorChecker - Bean 'org.springframework.cloud.autoconfigure.ConfigurationPropertiesRebinderAutoConfiguration' of type [org.springframework.cloud.autoconfigure.ConfigurationPropertiesRebinderAutoConfiguration] is not eligible for getting processed by all BeanPostProcessors (for example: not eligible for auto-proxying)
2022-09-21 20:42:02.975 [main] INFO  o.s.boot.web.embedded.tomcat.TomcatWebServer - Tomcat initialized with port(s): 8001 (http)
2022-09-21 20:42:02.986 [main] INFO  org.apache.coyote.http11.Http11NioProtocol - Initializing ProtocolHandler ["http-nio-8001"]
2022-09-21 20:42:02.987 [main] INFO  org.apache.catalina.core.StandardService - Starting service [Tomcat]
2022-09-21 20:42:02.987 [main] INFO  org.apache.catalina.core.StandardEngine - Starting Servlet engine: [Apache Tomcat/9.0.27]
2022-09-21 20:42:03.155 [main] INFO  o.a.c.core.ContainerBase.[Tomcat].[localhost].[/] - Initializing Spring embedded WebApplicationContext
2022-09-21 20:42:03.159 [main] INFO  org.springframework.web.context.ContextLoader - Root WebApplicationContext: initialization completed in 2578 ms
2022-09-21 20:42:03.709 [main] INFO  com.zaxxer.hikari.HikariDataSource - HikariPool-1 - Starting...
2022-09-21 20:42:03.961 [main] INFO  com.zaxxer.hikari.HikariDataSource - HikariPool-1 - Start completed.
2022-09-21 20:42:05.101 [main] INFO  s.d.s.w.PropertySourcedRequestMappingHandlerMapping - Mapped URL path [/v2/api-docs] onto method [springfox.documentation.swagger2.web.Swagger2Controller#getDocumentation(String, HttpServletRequest)]
2022-09-21 20:42:05.132 [main] INFO  com.netflix.config.sources.URLConfigurationSource - To enable URLs as dynamic configuration sources, define System property archaius.configurationSource.additionalUrls or make config.properties available on classpath.
2022-09-21 20:42:05.135 [main] INFO  com.netflix.config.sources.URLConfigurationSource - To enable URLs as dynamic configuration sources, define System property archaius.configurationSource.additionalUrls or make config.properties available on classpath.
2022-09-21 20:42:05.282 [main] INFO  o.s.scheduling.concurrent.ThreadPoolTaskExecutor - Initializing ExecutorService 'applicationTaskExecutor'
2022-09-21 20:42:05.704 [main] INFO  o.s.scheduling.concurrent.ThreadPoolTaskScheduler - Initializing ExecutorService
2022-09-21 20:42:05.880 [main] INFO  s.d.s.web.plugins.DocumentationPluginsBootstrapper - Context refreshed
2022-09-21 20:42:05.902 [main] INFO  s.d.s.web.plugins.DocumentationPluginsBootstrapper - Found 1 custom documentation plugin(s)
2022-09-21 20:42:05.961 [main] INFO  s.d.spring.web.scanners.ApiListingReferenceScanner - Scanning for api listing references
2022-09-21 20:42:06.225 [main] INFO  s.d.s.w.r.operation.CachingOperationNameGenerator - Generating unique operation named: pageTeacherConditionUsingPOST_1
2022-09-21 20:42:06.300 [main] INFO  org.apache.coyote.http11.Http11NioProtocol - Starting ProtocolHandler ["http-nio-8001"]
2022-09-21 20:42:06.333 [main] INFO  o.s.boot.web.embedded.tomcat.TomcatWebServer - Tomcat started on port(s): 8001 (http) with context path ''
2022-09-21 20:42:06.384 [main] INFO  o.s.c.alibaba.nacos.registry.NacosServiceRegistry - nacos registry, service-edu 192.168.216.147:8001 register finished
2022-09-21 20:42:06.402 [main] INFO  com.ant.eduService.EduApplication - Started EduApplication in 10.358 seconds (JVM running for 12.247)
2022-09-21 20:42:14.900 [http-nio-8001-exec-1] INFO  o.a.c.core.ContainerBase.[Tomcat].[localhost].[/] - Initializing Spring DispatcherServlet 'dispatcherServlet'
2022-09-21 20:42:14.902 [http-nio-8001-exec-1] INFO  org.springframework.web.servlet.DispatcherServlet - Initializing Servlet 'dispatcherServlet'
2022-09-21 20:42:14.957 [http-nio-8001-exec-1] INFO  org.springframework.web.servlet.DispatcherServlet - Completed initialization in 54 ms
2022-09-21 21:42:33.606 [http-nio-8001-exec-8] INFO  io.lettuce.core.EpollProvider - Starting without optional epoll library
2022-09-21 21:42:33.623 [http-nio-8001-exec-8] INFO  io.lettuce.core.KqueueProvider - Starting without optional kqueue library
2022-09-21 21:57:00.046 [lettuce-eventExecutorLoop-1-8] INFO  io.lettuce.core.protocol.ConnectionWatchdog - Reconnecting, last destination was /123.56.169.10:6380
2022-09-21 21:57:00.084 [lettuce-nioEventLoop-4-2] INFO  io.lettuce.core.protocol.ReconnectionHandler - Reconnected to 123.56.169.10:6380
2022-09-21 22:13:32.292 [SpringContextShutdownHook] INFO  o.s.c.alibaba.nacos.registry.NacosServiceRegistry - De-registering from Nacos Server now...
2022-09-21 22:13:32.335 [SpringContextShutdownHook] INFO  o.s.c.alibaba.nacos.registry.NacosServiceRegistry - De-registration finished.
2022-09-21 22:13:32.337 [SpringContextShutdownHook] INFO  o.s.scheduling.concurrent.ThreadPoolTaskExecutor - Shutting down ExecutorService 'applicationTaskExecutor'
2022-09-21 22:13:32.572 [SpringContextShutdownHook] INFO  com.zaxxer.hikari.HikariDataSource - HikariPool-1 - Shutdown initiated...
2022-09-21 22:13:32.587 [SpringContextShutdownHook] INFO  com.zaxxer.hikari.HikariDataSource - HikariPool-1 - Shutdown completed.
2022-09-21 22:48:28.252 [main] INFO  com.ant.eduService.EduApplication - The following profiles are active: dev
2022-09-21 22:48:29.476 [main] INFO  o.s.d.r.config.RepositoryConfigurationDelegate - Multiple Spring Data modules found, entering strict repository configuration mode!
2022-09-21 22:48:29.478 [main] INFO  o.s.d.r.config.RepositoryConfigurationDelegate - Bootstrapping Spring Data repositories in DEFAULT mode.
2022-09-21 22:48:29.513 [main] INFO  o.s.d.r.config.RepositoryConfigurationDelegate - Finished Spring Data repository scanning in 24ms. Found 0 repository interfaces.
2022-09-21 22:48:29.844 [main] INFO  o.springframework.cloud.context.scope.GenericScope - BeanFactory id=223fd03a-62ed-37dd-9504-de32c3e80139
2022-09-21 22:48:30.016 [main] INFO  o.s.c.s.PostProcessorRegistrationDelegate$BeanPostProcessorChecker - Bean 'org.springframework.transaction.annotation.ProxyTransactionManagementConfiguration' of type [org.springframework.transaction.annotation.ProxyTransactionManagementConfiguration] is not eligible for getting processed by all BeanPostProcessors (for example: not eligible for auto-proxying)
2022-09-21 22:48:30.053 [main] INFO  o.s.c.s.PostProcessorRegistrationDelegate$BeanPostProcessorChecker - Bean 'redisConfig' of type [com.ant.servicebase.config.RedisConfig$$EnhancerBySpringCGLIB$$5ff86d25] is not eligible for getting processed by all BeanPostProcessors (for example: not eligible for auto-proxying)
2022-09-21 22:48:30.093 [main] INFO  o.s.c.s.PostProcessorRegistrationDelegate$BeanPostProcessorChecker - Bean 'org.springframework.cloud.autoconfigure.ConfigurationPropertiesRebinderAutoConfiguration' of type [org.springframework.cloud.autoconfigure.ConfigurationPropertiesRebinderAutoConfiguration] is not eligible for getting processed by all BeanPostProcessors (for example: not eligible for auto-proxying)
2022-09-21 22:48:30.329 [main] INFO  o.s.boot.web.embedded.tomcat.TomcatWebServer - Tomcat initialized with port(s): 8001 (http)
2022-09-21 22:48:30.336 [main] INFO  org.apache.coyote.http11.Http11NioProtocol - Initializing ProtocolHandler ["http-nio-8001"]
2022-09-21 22:48:30.337 [main] INFO  org.apache.catalina.core.StandardService - Starting service [Tomcat]
2022-09-21 22:48:30.337 [main] INFO  org.apache.catalina.core.StandardEngine - Starting Servlet engine: [Apache Tomcat/9.0.27]
2022-09-21 22:48:30.575 [main] INFO  o.a.c.core.ContainerBase.[Tomcat].[localhost].[/] - Initializing Spring embedded WebApplicationContext
2022-09-21 22:48:30.577 [main] INFO  org.springframework.web.context.ContextLoader - Root WebApplicationContext: initialization completed in 2283 ms
2022-09-21 22:48:31.308 [main] INFO  com.zaxxer.hikari.HikariDataSource - HikariPool-1 - Starting...
2022-09-21 22:48:31.614 [main] INFO  com.zaxxer.hikari.HikariDataSource - HikariPool-1 - Start completed.
2022-09-21 22:48:33.611 [main] INFO  s.d.s.w.PropertySourcedRequestMappingHandlerMapping - Mapped URL path [/v2/api-docs] onto method [springfox.documentation.swagger2.web.Swagger2Controller#getDocumentation(String, HttpServletRequest)]
2022-09-21 22:48:33.644 [main] INFO  com.netflix.config.sources.URLConfigurationSource - To enable URLs as dynamic configuration sources, define System property archaius.configurationSource.additionalUrls or make config.properties available on classpath.
2022-09-21 22:48:33.648 [main] INFO  com.netflix.config.sources.URLConfigurationSource - To enable URLs as dynamic configuration sources, define System property archaius.configurationSource.additionalUrls or make config.properties available on classpath.
2022-09-21 22:48:33.818 [main] INFO  o.s.scheduling.concurrent.ThreadPoolTaskExecutor - Initializing ExecutorService 'applicationTaskExecutor'
2022-09-21 22:48:34.269 [main] INFO  o.s.scheduling.concurrent.ThreadPoolTaskScheduler - Initializing ExecutorService
2022-09-21 22:48:34.494 [main] INFO  s.d.s.web.plugins.DocumentationPluginsBootstrapper - Context refreshed
2022-09-21 22:48:34.540 [main] INFO  s.d.s.web.plugins.DocumentationPluginsBootstrapper - Found 1 custom documentation plugin(s)
2022-09-21 22:48:34.592 [main] INFO  s.d.spring.web.scanners.ApiListingReferenceScanner - Scanning for api listing references
2022-09-21 22:48:34.967 [main] INFO  s.d.s.w.r.operation.CachingOperationNameGenerator - Generating unique operation named: pageTeacherConditionUsingPOST_1
2022-09-21 22:48:35.057 [main] INFO  org.apache.coyote.http11.Http11NioProtocol - Starting ProtocolHandler ["http-nio-8001"]
2022-09-21 22:48:35.096 [main] INFO  o.s.boot.web.embedded.tomcat.TomcatWebServer - Tomcat started on port(s): 8001 (http) with context path ''
2022-09-21 22:48:35.173 [main] INFO  o.s.c.alibaba.nacos.registry.NacosServiceRegistry - nacos registry, service-edu 192.168.0.106:8001 register finished
2022-09-21 22:48:35.195 [main] INFO  com.ant.eduService.EduApplication - Started EduApplication in 8.4 seconds (JVM running for 9.28)
2022-09-21 22:48:39.304 [http-nio-8001-exec-2] INFO  o.a.c.core.ContainerBase.[Tomcat].[localhost].[/] - Initializing Spring DispatcherServlet 'dispatcherServlet'
2022-09-21 22:48:39.306 [http-nio-8001-exec-2] INFO  org.springframework.web.servlet.DispatcherServlet - Initializing Servlet 'dispatcherServlet'
2022-09-21 22:48:39.346 [http-nio-8001-exec-2] INFO  org.springframework.web.servlet.DispatcherServlet - Completed initialization in 40 ms
2022-09-21 22:48:43.157 [http-nio-8001-exec-3] INFO  io.lettuce.core.EpollProvider - Starting without optional epoll library
2022-09-21 22:48:43.161 [http-nio-8001-exec-3] INFO  io.lettuce.core.KqueueProvider - Starting without optional kqueue library
2022-09-21 22:49:57.947 [SpringContextShutdownHook] INFO  o.s.c.alibaba.nacos.registry.NacosServiceRegistry - De-registering from Nacos Server now...
2022-09-21 22:49:57.976 [SpringContextShutdownHook] INFO  o.s.c.alibaba.nacos.registry.NacosServiceRegistry - De-registration finished.
2022-09-21 22:49:57.984 [SpringContextShutdownHook] INFO  o.s.scheduling.concurrent.ThreadPoolTaskExecutor - Shutting down ExecutorService 'applicationTaskExecutor'
2022-09-21 22:49:58.162 [SpringContextShutdownHook] INFO  com.zaxxer.hikari.HikariDataSource - HikariPool-1 - Shutdown initiated...
2022-09-21 22:49:58.202 [SpringContextShutdownHook] INFO  com.zaxxer.hikari.HikariDataSource - HikariPool-1 - Shutdown completed.
