2022-06-19 18:15:36.714 [main] INFO  com.ant.eduService.EduApplication - Starting EduApplication on admindeAir.lan with PID 35484 (/Users/Penghao/IdeaProjects/gulicollege_parent/service/service_edu/target/classes started by Penghao in /Users/Penghao/IdeaProjects/gulicollege_parent)
2022-06-19 18:15:36.717 [main] INFO  com.ant.eduService.EduApplication - The following profiles are active: dev
2022-06-19 18:15:37.862 [main] INFO  o.s.d.r.config.RepositoryConfigurationDelegate - Multiple Spring Data modules found, entering strict repository configuration mode!
2022-06-19 18:15:37.864 [main] INFO  o.s.d.r.config.RepositoryConfigurationDelegate - Bootstrapping Spring Data repositories in DEFAULT mode.
2022-06-19 18:15:37.907 [main] INFO  o.s.d.r.config.RepositoryConfigurationDelegate - Finished Spring Data repository scanning in 29ms. Found 0 repository interfaces.
2022-06-19 18:15:38.314 [main] INFO  o.s.c.s.PostProcessorRegistrationDelegate$BeanPostProcessorChecker - Bean 'org.springframework.transaction.annotation.ProxyTransactionManagementConfiguration' of type [org.springframework.transaction.annotation.ProxyTransactionManagementConfiguration] is not eligible for getting processed by all BeanPostProcessors (for example: not eligible for auto-proxying)
2022-06-19 18:15:38.550 [main] INFO  o.s.boot.web.embedded.tomcat.TomcatWebServer - Tomcat initialized with port(s): 8001 (http)
2022-06-19 18:15:38.556 [main] INFO  org.apache.coyote.http11.Http11NioProtocol - Initializing ProtocolHandler ["http-nio-8001"]
2022-06-19 18:15:38.557 [main] INFO  org.apache.catalina.core.StandardService - Starting service [Tomcat]
2022-06-19 18:15:38.557 [main] INFO  org.apache.catalina.core.StandardEngine - Starting Servlet engine: [Apache Tomcat/9.0.27]
2022-06-19 18:15:38.632 [main] INFO  o.a.c.core.ContainerBase.[Tomcat].[localhost].[/] - Initializing Spring embedded WebApplicationContext
2022-06-19 18:15:38.634 [main] INFO  org.springframework.web.context.ContextLoader - Root WebApplicationContext: initialization completed in 1871 ms
2022-06-19 18:15:38.849 [main] INFO  com.zaxxer.hikari.HikariDataSource - HikariPool-1 - Starting...
2022-06-19 18:15:39.139 [main] INFO  com.zaxxer.hikari.HikariDataSource - HikariPool-1 - Start completed.
2022-06-19 18:15:39.735 [main] INFO  s.d.s.w.PropertySourcedRequestMappingHandlerMapping - Mapped URL path [/v2/api-docs] onto method [springfox.documentation.swagger2.web.Swagger2Controller#getDocumentation(String, HttpServletRequest)]
2022-06-19 18:15:39.866 [main] INFO  o.s.scheduling.concurrent.ThreadPoolTaskExecutor - Initializing ExecutorService 'applicationTaskExecutor'
2022-06-19 18:15:40.396 [main] INFO  s.d.s.web.plugins.DocumentationPluginsBootstrapper - Context refreshed
2022-06-19 18:15:40.407 [main] INFO  s.d.s.web.plugins.DocumentationPluginsBootstrapper - Found 1 custom documentation plugin(s)
2022-06-19 18:15:40.436 [main] INFO  s.d.spring.web.scanners.ApiListingReferenceScanner - Scanning for api listing references
2022-06-19 18:15:40.696 [main] INFO  org.apache.coyote.http11.Http11NioProtocol - Starting ProtocolHandler ["http-nio-8001"]
2022-06-19 18:15:40.727 [main] INFO  o.s.boot.web.embedded.tomcat.TomcatWebServer - Tomcat started on port(s): 8001 (http) with context path ''
2022-06-19 18:15:40.730 [main] INFO  com.ant.eduService.EduApplication - Started EduApplication in 4.536 seconds (JVM running for 5.134)
2022-06-19 18:17:35.649 [http-nio-8001-exec-1] INFO  o.a.c.core.ContainerBase.[Tomcat].[localhost].[/] - Initializing Spring DispatcherServlet 'dispatcherServlet'
2022-06-19 18:17:35.651 [http-nio-8001-exec-1] INFO  org.springframework.web.servlet.DispatcherServlet - Initializing Servlet 'dispatcherServlet'
2022-06-19 18:17:35.678 [http-nio-8001-exec-1] INFO  org.springframework.web.servlet.DispatcherServlet - Completed initialization in 27 ms
2022-06-19 18:39:13.084 [SpringContextShutdownHook] INFO  o.s.scheduling.concurrent.ThreadPoolTaskExecutor - Shutting down ExecutorService 'applicationTaskExecutor'
2022-06-19 18:39:13.087 [SpringContextShutdownHook] INFO  com.zaxxer.hikari.HikariDataSource - HikariPool-1 - Shutdown initiated...
2022-06-19 18:39:13.102 [SpringContextShutdownHook] INFO  com.zaxxer.hikari.HikariDataSource - HikariPool-1 - Shutdown completed.
2022-06-19 18:39:22.998 [main] INFO  com.ant.eduService.EduApplication - Starting EduApplication on admindeAir.lan with PID 35655 (/Users/Penghao/IdeaProjects/gulicollege_parent/service/service_edu/target/classes started by Penghao in /Users/Penghao/IdeaProjects/gulicollege_parent)
2022-06-19 18:39:23.003 [main] INFO  com.ant.eduService.EduApplication - The following profiles are active: dev
2022-06-19 18:39:24.236 [main] INFO  o.s.d.r.config.RepositoryConfigurationDelegate - Multiple Spring Data modules found, entering strict repository configuration mode!
2022-06-19 18:39:24.238 [main] INFO  o.s.d.r.config.RepositoryConfigurationDelegate - Bootstrapping Spring Data repositories in DEFAULT mode.
2022-06-19 18:39:24.265 [main] INFO  o.s.d.r.config.RepositoryConfigurationDelegate - Finished Spring Data repository scanning in 18ms. Found 0 repository interfaces.
2022-06-19 18:39:24.563 [main] INFO  o.s.c.s.PostProcessorRegistrationDelegate$BeanPostProcessorChecker - Bean 'org.springframework.transaction.annotation.ProxyTransactionManagementConfiguration' of type [org.springframework.transaction.annotation.ProxyTransactionManagementConfiguration] is not eligible for getting processed by all BeanPostProcessors (for example: not eligible for auto-proxying)
2022-06-19 18:39:24.795 [main] INFO  o.s.boot.web.embedded.tomcat.TomcatWebServer - Tomcat initialized with port(s): 8001 (http)
2022-06-19 18:39:24.801 [main] INFO  org.apache.coyote.http11.Http11NioProtocol - Initializing ProtocolHandler ["http-nio-8001"]
2022-06-19 18:39:24.802 [main] INFO  org.apache.catalina.core.StandardService - Starting service [Tomcat]
2022-06-19 18:39:24.802 [main] INFO  org.apache.catalina.core.StandardEngine - Starting Servlet engine: [Apache Tomcat/9.0.27]
2022-06-19 18:39:24.871 [main] INFO  o.a.c.core.ContainerBase.[Tomcat].[localhost].[/] - Initializing Spring embedded WebApplicationContext
2022-06-19 18:39:24.873 [main] INFO  org.springframework.web.context.ContextLoader - Root WebApplicationContext: initialization completed in 1739 ms
2022-06-19 18:39:25.069 [main] INFO  com.zaxxer.hikari.HikariDataSource - HikariPool-1 - Starting...
2022-06-19 18:39:25.368 [main] INFO  com.zaxxer.hikari.HikariDataSource - HikariPool-1 - Start completed.
2022-06-19 18:39:26.058 [main] INFO  s.d.s.w.PropertySourcedRequestMappingHandlerMapping - Mapped URL path [/v2/api-docs] onto method [springfox.documentation.swagger2.web.Swagger2Controller#getDocumentation(String, HttpServletRequest)]
2022-06-19 18:39:26.197 [main] INFO  o.s.scheduling.concurrent.ThreadPoolTaskExecutor - Initializing ExecutorService 'applicationTaskExecutor'
2022-06-19 18:39:26.675 [main] INFO  s.d.s.web.plugins.DocumentationPluginsBootstrapper - Context refreshed
2022-06-19 18:39:26.684 [main] INFO  s.d.s.web.plugins.DocumentationPluginsBootstrapper - Found 1 custom documentation plugin(s)
2022-06-19 18:39:26.713 [main] INFO  s.d.spring.web.scanners.ApiListingReferenceScanner - Scanning for api listing references
2022-06-19 18:39:26.981 [main] INFO  org.apache.coyote.http11.Http11NioProtocol - Starting ProtocolHandler ["http-nio-8001"]
2022-06-19 18:39:27.015 [main] INFO  o.s.boot.web.embedded.tomcat.TomcatWebServer - Tomcat started on port(s): 8001 (http) with context path ''
2022-06-19 18:39:27.019 [main] INFO  com.ant.eduService.EduApplication - Started EduApplication in 4.61 seconds (JVM running for 5.19)
2022-06-19 18:39:37.384 [http-nio-8001-exec-1] INFO  o.a.c.core.ContainerBase.[Tomcat].[localhost].[/] - Initializing Spring DispatcherServlet 'dispatcherServlet'
2022-06-19 18:39:37.385 [http-nio-8001-exec-1] INFO  org.springframework.web.servlet.DispatcherServlet - Initializing Servlet 'dispatcherServlet'
2022-06-19 18:39:37.408 [http-nio-8001-exec-1] INFO  org.springframework.web.servlet.DispatcherServlet - Completed initialization in 22 ms
2022-06-19 20:24:14.684 [SpringContextShutdownHook] INFO  o.s.scheduling.concurrent.ThreadPoolTaskExecutor - Shutting down ExecutorService 'applicationTaskExecutor'
2022-06-19 20:24:14.686 [SpringContextShutdownHook] INFO  com.zaxxer.hikari.HikariDataSource - HikariPool-1 - Shutdown initiated...
2022-06-19 20:24:14.696 [SpringContextShutdownHook] INFO  com.zaxxer.hikari.HikariDataSource - HikariPool-1 - Shutdown completed.
