2022-08-12 09:36:20.466 [http-nio-8001-exec-3] INFO  com.ant.eduService.controller.EduLoginController - Rest to login
2022-08-12 15:20:21.539 [SpringContextShutdownHook] INFO  o.s.scheduling.concurrent.ThreadPoolTaskExecutor - Shutting down ExecutorService 'applicationTaskExecutor'
2022-08-12 15:20:21.555 [SpringContextShutdownHook] INFO  com.zaxxer.hikari.HikariDataSource - HikariPool-1 - Shutdown initiated...
2022-08-12 15:20:21.698 [SpringContextShutdownHook] INFO  com.zaxxer.hikari.HikariDataSource - HikariPool-1 - Shutdown completed.
2022-08-12 16:49:25.203 [main] INFO  com.ant.eduService.EduApplication - Starting EduApplication on bogon with PID 82902 (/Users/Penghao/IdeaProjects/gulicollege_parent/service/service_edu/target/classes started by Penghao in /Users/Penghao/IdeaProjects/gulicollege_parent)
2022-08-12 16:49:25.208 [main] INFO  com.ant.eduService.EduApplication - The following profiles are active: dev
2022-08-12 16:49:26.398 [main] INFO  o.s.d.r.config.RepositoryConfigurationDelegate - Multiple Spring Data modules found, entering strict repository configuration mode!
2022-08-12 16:49:26.401 [main] INFO  o.s.d.r.config.RepositoryConfigurationDelegate - Bootstrapping Spring Data repositories in DEFAULT mode.
2022-08-12 16:49:26.430 [main] INFO  o.s.d.r.config.RepositoryConfigurationDelegate - Finished Spring Data repository scanning in 16ms. Found 0 repository interfaces.
2022-08-12 16:49:26.735 [main] INFO  o.s.c.s.PostProcessorRegistrationDelegate$BeanPostProcessorChecker - Bean 'org.springframework.transaction.annotation.ProxyTransactionManagementConfiguration' of type [org.springframework.transaction.annotation.ProxyTransactionManagementConfiguration] is not eligible for getting processed by all BeanPostProcessors (for example: not eligible for auto-proxying)
2022-08-12 16:49:26.971 [main] INFO  o.s.boot.web.embedded.tomcat.TomcatWebServer - Tomcat initialized with port(s): 8001 (http)
2022-08-12 16:49:26.978 [main] INFO  org.apache.coyote.http11.Http11NioProtocol - Initializing ProtocolHandler ["http-nio-8001"]
2022-08-12 16:49:26.978 [main] INFO  org.apache.catalina.core.StandardService - Starting service [Tomcat]
2022-08-12 16:49:26.978 [main] INFO  org.apache.catalina.core.StandardEngine - Starting Servlet engine: [Apache Tomcat/9.0.27]
2022-08-12 16:49:27.058 [main] INFO  o.a.c.core.ContainerBase.[Tomcat].[localhost].[/] - Initializing Spring embedded WebApplicationContext
2022-08-12 16:49:27.060 [main] INFO  org.springframework.web.context.ContextLoader - Root WebApplicationContext: initialization completed in 1777 ms
2022-08-12 16:49:27.265 [main] INFO  com.zaxxer.hikari.HikariDataSource - HikariPool-1 - Starting...
2022-08-12 16:49:27.595 [main] INFO  com.zaxxer.hikari.HikariDataSource - HikariPool-1 - Start completed.
2022-08-12 16:49:28.189 [main] INFO  s.d.s.w.PropertySourcedRequestMappingHandlerMapping - Mapped URL path [/v2/api-docs] onto method [springfox.documentation.swagger2.web.Swagger2Controller#getDocumentation(String, HttpServletRequest)]
2022-08-12 16:49:28.298 [main] INFO  o.s.scheduling.concurrent.ThreadPoolTaskExecutor - Initializing ExecutorService 'applicationTaskExecutor'
2022-08-12 16:49:28.733 [main] INFO  s.d.s.web.plugins.DocumentationPluginsBootstrapper - Context refreshed
2022-08-12 16:49:28.743 [main] INFO  s.d.s.web.plugins.DocumentationPluginsBootstrapper - Found 1 custom documentation plugin(s)
2022-08-12 16:49:28.772 [main] INFO  s.d.spring.web.scanners.ApiListingReferenceScanner - Scanning for api listing references
2022-08-12 16:49:29.074 [main] INFO  org.apache.coyote.http11.Http11NioProtocol - Starting ProtocolHandler ["http-nio-8001"]
2022-08-12 16:49:29.102 [main] INFO  o.s.boot.web.embedded.tomcat.TomcatWebServer - Tomcat started on port(s): 8001 (http) with context path ''
2022-08-12 16:49:29.105 [main] INFO  com.ant.eduService.EduApplication - Started EduApplication in 4.865 seconds (JVM running for 5.897)
2022-08-12 16:49:34.997 [http-nio-8001-exec-2] INFO  o.a.c.core.ContainerBase.[Tomcat].[localhost].[/] - Initializing Spring DispatcherServlet 'dispatcherServlet'
2022-08-12 16:49:34.998 [http-nio-8001-exec-2] INFO  org.springframework.web.servlet.DispatcherServlet - Initializing Servlet 'dispatcherServlet'
2022-08-12 16:49:35.024 [http-nio-8001-exec-2] INFO  org.springframework.web.servlet.DispatcherServlet - Completed initialization in 26 ms
2022-08-12 16:49:35.055 [http-nio-8001-exec-2] INFO  com.ant.eduService.controller.EduLoginController - Rest to get user information when login
2022-08-12 16:49:38.253 [http-nio-8001-exec-3] INFO  com.ant.eduService.controller.EduLoginController - Rest to login
2022-08-12 17:13:09.626 [http-nio-8001-exec-5] INFO  com.ant.eduService.controller.EduLoginController - Rest to login
2022-08-12 17:13:10.435 [http-nio-8001-exec-7] INFO  com.ant.eduService.controller.EduLoginController - Rest to login
2022-08-12 17:13:36.075 [http-nio-8001-exec-8] INFO  com.ant.eduService.controller.EduLoginController - Rest to login
2022-08-12 17:13:37.354 [http-nio-8001-exec-9] INFO  com.ant.eduService.controller.EduLoginController - Rest to login
2022-08-12 17:13:38.135 [http-nio-8001-exec-10] INFO  com.ant.eduService.controller.EduLoginController - Rest to login
2022-08-12 17:13:38.752 [http-nio-8001-exec-1] INFO  com.ant.eduService.controller.EduLoginController - Rest to login
2022-08-12 17:16:08.235 [http-nio-8001-exec-4] INFO  com.ant.eduService.controller.EduLoginController - Rest to get user information when login
2022-08-12 17:16:09.623 [http-nio-8001-exec-6] INFO  com.ant.eduService.controller.EduLoginController - Rest to get user information when login
2022-08-12 17:17:23.233 [http-nio-8001-exec-7] INFO  com.ant.eduService.controller.EduLoginController - Rest to login
2022-08-12 17:17:24.075 [http-nio-8001-exec-8] INFO  com.ant.eduService.controller.EduLoginController - Rest to login
2022-08-12 17:17:24.555 [http-nio-8001-exec-9] INFO  com.ant.eduService.controller.EduLoginController - Rest to login
2022-08-12 17:17:24.914 [http-nio-8001-exec-10] INFO  com.ant.eduService.controller.EduLoginController - Rest to login
2022-08-12 17:17:38.545 [http-nio-8001-exec-1] INFO  com.ant.eduService.controller.EduLoginController - Rest to login
2022-08-12 17:17:39.549 [http-nio-8001-exec-2] INFO  com.ant.eduService.controller.EduLoginController - Rest to login
2022-08-12 17:17:40.008 [http-nio-8001-exec-3] INFO  com.ant.eduService.controller.EduLoginController - Rest to login
2022-08-12 17:19:17.370 [SpringContextShutdownHook] INFO  o.s.scheduling.concurrent.ThreadPoolTaskExecutor - Shutting down ExecutorService 'applicationTaskExecutor'
2022-08-12 17:19:17.375 [SpringContextShutdownHook] INFO  com.zaxxer.hikari.HikariDataSource - HikariPool-1 - Shutdown initiated...
2022-08-12 17:19:17.388 [SpringContextShutdownHook] INFO  com.zaxxer.hikari.HikariDataSource - HikariPool-1 - Shutdown completed.
2022-08-12 17:19:22.613 [main] INFO  com.ant.eduService.EduApplication - Starting EduApplication on bogon with PID 83413 (/Users/Penghao/IdeaProjects/gulicollege_parent/service/service_edu/target/classes started by Penghao in /Users/Penghao/IdeaProjects/gulicollege_parent)
2022-08-12 17:19:22.623 [main] INFO  com.ant.eduService.EduApplication - The following profiles are active: dev
2022-08-12 17:19:23.763 [main] INFO  o.s.d.r.config.RepositoryConfigurationDelegate - Multiple Spring Data modules found, entering strict repository configuration mode!
2022-08-12 17:19:23.765 [main] INFO  o.s.d.r.config.RepositoryConfigurationDelegate - Bootstrapping Spring Data repositories in DEFAULT mode.
2022-08-12 17:19:23.791 [main] INFO  o.s.d.r.config.RepositoryConfigurationDelegate - Finished Spring Data repository scanning in 14ms. Found 0 repository interfaces.
2022-08-12 17:19:24.107 [main] INFO  o.s.c.s.PostProcessorRegistrationDelegate$BeanPostProcessorChecker - Bean 'org.springframework.transaction.annotation.ProxyTransactionManagementConfiguration' of type [org.springframework.transaction.annotation.ProxyTransactionManagementConfiguration] is not eligible for getting processed by all BeanPostProcessors (for example: not eligible for auto-proxying)
2022-08-12 17:19:24.330 [main] INFO  o.s.boot.web.embedded.tomcat.TomcatWebServer - Tomcat initialized with port(s): 8001 (http)
2022-08-12 17:19:24.336 [main] INFO  org.apache.coyote.http11.Http11NioProtocol - Initializing ProtocolHandler ["http-nio-8001"]
2022-08-12 17:19:24.336 [main] INFO  org.apache.catalina.core.StandardService - Starting service [Tomcat]
2022-08-12 17:19:24.336 [main] INFO  org.apache.catalina.core.StandardEngine - Starting Servlet engine: [Apache Tomcat/9.0.27]
2022-08-12 17:19:24.411 [main] INFO  o.a.c.core.ContainerBase.[Tomcat].[localhost].[/] - Initializing Spring embedded WebApplicationContext
2022-08-12 17:19:24.414 [main] INFO  org.springframework.web.context.ContextLoader - Root WebApplicationContext: initialization completed in 1743 ms
2022-08-12 17:19:24.615 [main] INFO  com.zaxxer.hikari.HikariDataSource - HikariPool-1 - Starting...
2022-08-12 17:19:24.961 [main] INFO  com.zaxxer.hikari.HikariDataSource - HikariPool-1 - Start completed.
2022-08-12 17:19:25.466 [main] INFO  s.d.s.w.PropertySourcedRequestMappingHandlerMapping - Mapped URL path [/v2/api-docs] onto method [springfox.documentation.swagger2.web.Swagger2Controller#getDocumentation(String, HttpServletRequest)]
2022-08-12 17:19:25.572 [main] INFO  o.s.scheduling.concurrent.ThreadPoolTaskExecutor - Initializing ExecutorService 'applicationTaskExecutor'
2022-08-12 17:19:26.089 [main] INFO  s.d.s.web.plugins.DocumentationPluginsBootstrapper - Context refreshed
2022-08-12 17:19:26.100 [main] INFO  s.d.s.web.plugins.DocumentationPluginsBootstrapper - Found 1 custom documentation plugin(s)
2022-08-12 17:19:26.126 [main] INFO  s.d.spring.web.scanners.ApiListingReferenceScanner - Scanning for api listing references
2022-08-12 17:19:26.356 [main] INFO  org.apache.coyote.http11.Http11NioProtocol - Starting ProtocolHandler ["http-nio-8001"]
2022-08-12 17:19:26.382 [main] INFO  o.s.boot.web.embedded.tomcat.TomcatWebServer - Tomcat started on port(s): 8001 (http) with context path ''
2022-08-12 17:19:26.385 [main] INFO  com.ant.eduService.EduApplication - Started EduApplication in 4.484 seconds (JVM running for 5.123)
2022-08-12 17:19:51.726 [http-nio-8001-exec-1] INFO  o.a.c.core.ContainerBase.[Tomcat].[localhost].[/] - Initializing Spring DispatcherServlet 'dispatcherServlet'
2022-08-12 17:19:51.728 [http-nio-8001-exec-1] INFO  org.springframework.web.servlet.DispatcherServlet - Initializing Servlet 'dispatcherServlet'
2022-08-12 17:19:51.753 [http-nio-8001-exec-1] INFO  org.springframework.web.servlet.DispatcherServlet - Completed initialization in 25 ms
2022-08-12 17:19:57.273 [SpringContextShutdownHook] INFO  o.s.scheduling.concurrent.ThreadPoolTaskExecutor - Shutting down ExecutorService 'applicationTaskExecutor'
2022-08-12 17:19:57.278 [SpringContextShutdownHook] INFO  com.zaxxer.hikari.HikariDataSource - HikariPool-1 - Shutdown initiated...
2022-08-12 17:19:57.287 [SpringContextShutdownHook] INFO  com.zaxxer.hikari.HikariDataSource - HikariPool-1 - Shutdown completed.
2022-08-12 17:20:44.373 [main] INFO  com.ant.eduService.EduApplication - Starting EduApplication on bogon with PID 83460 (/Users/Penghao/IdeaProjects/gulicollege_parent/service/service_edu/target/classes started by Penghao in /Users/Penghao/IdeaProjects/gulicollege_parent)
2022-08-12 17:20:44.379 [main] INFO  com.ant.eduService.EduApplication - The following profiles are active: dev
2022-08-12 17:20:45.460 [main] INFO  o.s.d.r.config.RepositoryConfigurationDelegate - Multiple Spring Data modules found, entering strict repository configuration mode!
2022-08-12 17:20:45.463 [main] INFO  o.s.d.r.config.RepositoryConfigurationDelegate - Bootstrapping Spring Data repositories in DEFAULT mode.
2022-08-12 17:20:45.488 [main] INFO  o.s.d.r.config.RepositoryConfigurationDelegate - Finished Spring Data repository scanning in 15ms. Found 0 repository interfaces.
2022-08-12 17:20:45.779 [main] INFO  o.s.c.s.PostProcessorRegistrationDelegate$BeanPostProcessorChecker - Bean 'org.springframework.transaction.annotation.ProxyTransactionManagementConfiguration' of type [org.springframework.transaction.annotation.ProxyTransactionManagementConfiguration] is not eligible for getting processed by all BeanPostProcessors (for example: not eligible for auto-proxying)
2022-08-12 17:20:46.020 [main] INFO  o.s.boot.web.embedded.tomcat.TomcatWebServer - Tomcat initialized with port(s): 8001 (http)
2022-08-12 17:20:46.027 [main] INFO  org.apache.coyote.http11.Http11NioProtocol - Initializing ProtocolHandler ["http-nio-8001"]
2022-08-12 17:20:46.028 [main] INFO  org.apache.catalina.core.StandardService - Starting service [Tomcat]
2022-08-12 17:20:46.028 [main] INFO  org.apache.catalina.core.StandardEngine - Starting Servlet engine: [Apache Tomcat/9.0.27]
2022-08-12 17:20:46.101 [main] INFO  o.a.c.core.ContainerBase.[Tomcat].[localhost].[/] - Initializing Spring embedded WebApplicationContext
2022-08-12 17:20:46.103 [main] INFO  org.springframework.web.context.ContextLoader - Root WebApplicationContext: initialization completed in 1667 ms
2022-08-12 17:20:46.311 [main] INFO  com.zaxxer.hikari.HikariDataSource - HikariPool-1 - Starting...
2022-08-12 17:20:46.675 [main] INFO  com.zaxxer.hikari.HikariDataSource - HikariPool-1 - Start completed.
2022-08-12 17:20:47.209 [main] INFO  s.d.s.w.PropertySourcedRequestMappingHandlerMapping - Mapped URL path [/v2/api-docs] onto method [springfox.documentation.swagger2.web.Swagger2Controller#getDocumentation(String, HttpServletRequest)]
2022-08-12 17:20:47.313 [main] INFO  o.s.scheduling.concurrent.ThreadPoolTaskExecutor - Initializing ExecutorService 'applicationTaskExecutor'
2022-08-12 17:20:47.817 [main] INFO  s.d.s.web.plugins.DocumentationPluginsBootstrapper - Context refreshed
2022-08-12 17:20:47.828 [main] INFO  s.d.s.web.plugins.DocumentationPluginsBootstrapper - Found 1 custom documentation plugin(s)
2022-08-12 17:20:47.854 [main] INFO  s.d.spring.web.scanners.ApiListingReferenceScanner - Scanning for api listing references
2022-08-12 17:20:48.089 [main] INFO  org.apache.coyote.http11.Http11NioProtocol - Starting ProtocolHandler ["http-nio-8001"]
2022-08-12 17:20:48.114 [main] INFO  o.s.boot.web.embedded.tomcat.TomcatWebServer - Tomcat started on port(s): 8001 (http) with context path ''
2022-08-12 17:20:48.117 [main] INFO  com.ant.eduService.EduApplication - Started EduApplication in 4.425 seconds (JVM running for 5.104)
2022-08-12 17:20:59.803 [http-nio-8001-exec-2] INFO  o.a.c.core.ContainerBase.[Tomcat].[localhost].[/] - Initializing Spring DispatcherServlet 'dispatcherServlet'
2022-08-12 17:20:59.804 [http-nio-8001-exec-2] INFO  org.springframework.web.servlet.DispatcherServlet - Initializing Servlet 'dispatcherServlet'
2022-08-12 17:20:59.822 [http-nio-8001-exec-2] INFO  org.springframework.web.servlet.DispatcherServlet - Completed initialization in 17 ms
2022-08-12 17:20:59.856 [http-nio-8001-exec-2] INFO  com.ant.eduService.controller.EduLoginController - Rest to get user information when login
2022-08-12 17:21:18.423 [http-nio-8001-exec-3] INFO  com.ant.eduService.controller.EduLoginController - Rest to login
2022-08-12 17:21:40.024 [SpringContextShutdownHook] INFO  o.s.scheduling.concurrent.ThreadPoolTaskExecutor - Shutting down ExecutorService 'applicationTaskExecutor'
2022-08-12 17:21:40.028 [SpringContextShutdownHook] INFO  com.zaxxer.hikari.HikariDataSource - HikariPool-1 - Shutdown initiated...
2022-08-12 17:21:40.037 [SpringContextShutdownHook] INFO  com.zaxxer.hikari.HikariDataSource - HikariPool-1 - Shutdown completed.
2022-08-12 17:24:53.185 [main] INFO  com.ant.eduService.EduApplication - Starting EduApplication on bogon with PID 83583 (/Users/Penghao/IdeaProjects/gulicollege_parent/service/service_edu/target/classes started by Penghao in /Users/Penghao/IdeaProjects/gulicollege_parent)
2022-08-12 17:24:53.197 [main] INFO  com.ant.eduService.EduApplication - The following profiles are active: dev
2022-08-12 17:24:55.147 [main] INFO  o.s.d.r.config.RepositoryConfigurationDelegate - Multiple Spring Data modules found, entering strict repository configuration mode!
2022-08-12 17:24:55.150 [main] INFO  o.s.d.r.config.RepositoryConfigurationDelegate - Bootstrapping Spring Data repositories in DEFAULT mode.
2022-08-12 17:24:55.178 [main] INFO  o.s.d.r.config.RepositoryConfigurationDelegate - Finished Spring Data repository scanning in 17ms. Found 0 repository interfaces.
2022-08-12 17:24:55.475 [main] INFO  o.s.c.s.PostProcessorRegistrationDelegate$BeanPostProcessorChecker - Bean 'org.springframework.transaction.annotation.ProxyTransactionManagementConfiguration' of type [org.springframework.transaction.annotation.ProxyTransactionManagementConfiguration] is not eligible for getting processed by all BeanPostProcessors (for example: not eligible for auto-proxying)
2022-08-12 17:24:55.708 [main] INFO  o.s.boot.web.embedded.tomcat.TomcatWebServer - Tomcat initialized with port(s): 8001 (http)
2022-08-12 17:24:55.715 [main] INFO  org.apache.coyote.http11.Http11NioProtocol - Initializing ProtocolHandler ["http-nio-8001"]
2022-08-12 17:24:55.716 [main] INFO  org.apache.catalina.core.StandardService - Starting service [Tomcat]
2022-08-12 17:24:55.716 [main] INFO  org.apache.catalina.core.StandardEngine - Starting Servlet engine: [Apache Tomcat/9.0.27]
2022-08-12 17:24:55.787 [main] INFO  o.a.c.core.ContainerBase.[Tomcat].[localhost].[/] - Initializing Spring embedded WebApplicationContext
2022-08-12 17:24:55.789 [main] INFO  org.springframework.web.context.ContextLoader - Root WebApplicationContext: initialization completed in 2395 ms
2022-08-12 17:24:56.039 [main] INFO  com.zaxxer.hikari.HikariDataSource - HikariPool-1 - Starting...
2022-08-12 17:24:56.563 [main] INFO  com.zaxxer.hikari.HikariDataSource - HikariPool-1 - Start completed.
2022-08-12 17:24:57.239 [main] INFO  s.d.s.w.PropertySourcedRequestMappingHandlerMapping - Mapped URL path [/v2/api-docs] onto method [springfox.documentation.swagger2.web.Swagger2Controller#getDocumentation(String, HttpServletRequest)]
2022-08-12 17:24:57.347 [main] INFO  o.s.scheduling.concurrent.ThreadPoolTaskExecutor - Initializing ExecutorService 'applicationTaskExecutor'
2022-08-12 17:24:57.787 [main] INFO  s.d.s.web.plugins.DocumentationPluginsBootstrapper - Context refreshed
2022-08-12 17:24:57.803 [main] INFO  s.d.s.web.plugins.DocumentationPluginsBootstrapper - Found 1 custom documentation plugin(s)
2022-08-12 17:24:57.844 [main] INFO  s.d.spring.web.scanners.ApiListingReferenceScanner - Scanning for api listing references
2022-08-12 17:24:58.090 [main] INFO  org.apache.coyote.http11.Http11NioProtocol - Starting ProtocolHandler ["http-nio-8001"]
2022-08-12 17:24:58.124 [main] INFO  o.s.boot.web.embedded.tomcat.TomcatWebServer - Tomcat started on port(s): 8001 (http) with context path ''
2022-08-12 17:24:58.127 [main] INFO  com.ant.eduService.EduApplication - Started EduApplication in 7.016 seconds (JVM running for 7.685)
2022-08-12 17:25:06.982 [http-nio-8001-exec-1] INFO  o.a.c.core.ContainerBase.[Tomcat].[localhost].[/] - Initializing Spring DispatcherServlet 'dispatcherServlet'
2022-08-12 17:25:06.984 [http-nio-8001-exec-1] INFO  org.springframework.web.servlet.DispatcherServlet - Initializing Servlet 'dispatcherServlet'
2022-08-12 17:25:07.013 [http-nio-8001-exec-1] INFO  org.springframework.web.servlet.DispatcherServlet - Completed initialization in 29 ms
2022-08-12 17:25:07.047 [http-nio-8001-exec-1] INFO  com.ant.eduService.controller.EduLoginController - Rest to login
2022-08-12 17:25:10.190 [http-nio-8001-exec-3] INFO  com.ant.eduService.controller.EduLoginController - Rest to get user information when login
2022-08-12 17:25:22.617 [http-nio-8001-exec-4] INFO  com.ant.eduService.controller.EduLoginController - Rest to login
2022-08-12 17:25:22.652 [http-nio-8001-exec-6] INFO  com.ant.eduService.controller.EduLoginController - Rest to get user information when login
2022-08-12 17:27:43.999 [http-nio-8001-exec-9] INFO  com.ant.eduService.controller.EduLoginController - Rest to get user information when login
2022-08-12 17:27:49.111 [http-nio-8001-exec-10] INFO  com.ant.eduService.controller.EduLoginController - Rest to get user information when login
2022-08-12 17:28:16.793 [http-nio-8001-exec-3] INFO  com.ant.eduService.controller.EduLoginController - Rest to get user information when login
2022-08-12 17:29:21.545 [http-nio-8001-exec-5] INFO  com.ant.eduService.controller.EduLoginController - Rest to get user information when login
2022-08-12 17:30:07.354 [http-nio-8001-exec-6] INFO  com.ant.eduService.controller.EduLoginController - Rest to get user information when login
2022-08-12 17:30:07.433 [http-nio-8001-exec-7] INFO  com.ant.eduService.controller.EduLoginController - Rest to get user information when login
2022-08-12 17:33:03.392 [http-nio-8001-exec-9] INFO  com.ant.eduService.controller.EduLoginController - Rest to login
2022-08-12 17:33:03.418 [http-nio-8001-exec-10] INFO  com.ant.eduService.controller.EduLoginController - Rest to get user information when login
2022-08-12 17:33:21.768 [http-nio-8001-exec-2] INFO  com.ant.eduService.controller.EduLoginController - Rest to get user information when login
2022-08-12 17:35:37.794 [http-nio-8001-exec-3] INFO  com.ant.eduService.controller.EduLoginController - Rest to get user information when login
2022-08-12 19:01:17.231 [http-nio-8001-exec-6] INFO  com.ant.eduService.controller.EduLoginController - Rest to get user information when login
2022-08-12 19:01:18.430 [http-nio-8001-exec-8] INFO  com.ant.eduService.controller.EduLoginController - Rest to get user information when login
2022-08-12 19:38:52.690 [http-nio-8001-exec-2] INFO  com.ant.eduService.controller.EduLoginController - Rest to get user information when login
2022-08-12 19:38:59.130 [http-nio-8001-exec-1] INFO  com.ant.eduService.controller.EduLoginController - Rest to get user information when login
2022-08-12 19:58:12.192 [http-nio-8001-exec-10] INFO  com.ant.eduService.controller.EduLoginController - Rest to get user information when login
2022-08-12 20:01:20.374 [http-nio-8001-exec-1] INFO  com.ant.eduService.controller.EduLoginController - Rest to get user information when login
2022-08-12 20:46:35.903 [http-nio-8001-exec-5] INFO  com.ant.eduService.controller.EduLoginController - Rest to get user information when login
2022-08-12 20:47:36.507 [http-nio-8001-exec-6] INFO  com.ant.eduService.controller.EduLoginController - Rest to get user information when login
2022-08-12 20:53:26.065 [http-nio-8001-exec-2] INFO  com.ant.eduService.controller.EduLoginController - Rest to get user information when login
